This is pdfTeX, Version 3.141592653-2.6-1.40.29 (TeX Live 2026/Arch Linux) (preloaded format=pdflatex 2026.6.1)  12 JUL 2026 21:43
entering extended mode
 restricted \write18 enabled.
 file:line:error style messages enabled.
 %&-line parsing enabled.
**notes.tex
(./notes.tex
LaTeX2e <2025-11-01>
L3 programming layer <2026-01-19>
(/usr/share/texmf-dist/tex/latex/base/article.cls
Document Class: article 2025/01/22 v1.4n Standard LaTeX document class
(/usr/share/texmf-dist/tex/latex/base/size10.clo
File: size10.clo 2025/01/22 v1.4n Standard LaTeX file (size option)
)
\c@part=\count275
\c@section=\count276
\c@subsection=\count277
\c@subsubsection=\count278
\c@paragraph=\count279
\c@subparagraph=\count280
\c@figure=\count281
\c@table=\count282
\abovecaptionskip=\skip49
\belowcaptionskip=\skip50
\bibindent=\dimen148
) (/usr/share/texmf-dist/tex/latex/arydshln/arydshln.sty
Package: arydshln 2019/02/21 v1.76 
\dashlinedash=\dimen149
\dashlinegap=\dimen150
\adl@box=\box53
\adl@height=\dimen151
\adl@heightsave=\dimen152
\adl@depth=\dimen153
\adl@depthsave=\dimen154
\adl@finaldepth=\dimen155
\adl@columns=\count283
\adl@ncol=\count284
\adl@currentcolumn=\count285
\adl@currentcolumnsave=\count286
\adl@totalheight=\count287
\adl@totalheightsave=\count288
\adl@dash=\count289
\adl@gap=\count290
\adl@cla=\count291
\adl@clb=\count292
\adl@everyvbox=\toks17
\adl@LTpagetotal=\dimen156
)
==> First Aid for arydshln.sty applied!
(/usr/share/texmf-dist/tex/latex/graphics/graphicx.sty
Package: graphicx 2024/12/31 v1.2e Enhanced LaTeX Graphics (DPC,SPQR)
 (/usr/share/texmf-dist/tex/latex/graphics/keyval.sty
Package: keyval 2022/05/29 v1.15 key=value parser (DPC)
\KV@toks@=\toks18
) (/usr/share/texmf-dist/tex/latex/graphics/graphics.sty
Package: graphics 2024/08/06 v1.4g Standard LaTeX Graphics (DPC,SPQR)
 (/usr/share/texmf-dist/tex/latex/graphics/trig.sty
Package: trig 2023/12/02 v1.11 sin cos tan (DPC)
) (/usr/share/texmf-dist/tex/latex/graphics-cfg/graphics.cfg
File: graphics.cfg 2016/06/04 v1.11 sample graphics configuration
)
Package graphics Info: Driver file: pdftex.def on input line 106.
 (/usr/share/texmf-dist/tex/latex/graphics-def/pdftex.def
File: pdftex.def 2025/09/29 v1.2d Graphics/color driver for pdftex
))
\Gin@req@height=\dimen157
\Gin@req@width=\dimen158
) (/usr/share/texmf-dist/tex/latex/tcolorbox/tcolorbox.sty
Package: tcolorbox 2025/11/28 version 6.9.0 text color boxes
 (/usr/share/texmf-dist/tex/latex/pgf/frontendlayer/tikz.sty (/usr/share/texmf-dist/tex/latex/pgf/basiclayer/pgf.sty (/usr/share/texmf-dist/tex/latex/pgf/utilities/pgfrcs.sty (/usr/share/texmf-dist/tex/generic/pgf/utilities/pgfutil-common.tex
\pgfutil@everybye=\toks19
\pgfutil@tempdima=\dimen159
\pgfutil@tempdimb=\dimen160
) (/usr/share/texmf-dist/tex/generic/pgf/utilities/pgfutil-latex.def
\pgfutil@abb=\box54
) (/usr/share/texmf-dist/tex/generic/pgf/utilities/pgfrcs.code.tex (/usr/share/texmf-dist/tex/generic/pgf/pgf.revision.tex)
Package: pgfrcs 2025-08-29 v3.1.11a (3.1.11a)
))
Package: pgf 2025-08-29 v3.1.11a (3.1.11a)
 (/usr/share/texmf-dist/tex/latex/pgf/basiclayer/pgfcore.sty (/usr/share/texmf-dist/tex/latex/pgf/systemlayer/pgfsys.sty (/usr/share/texmf-dist/tex/generic/pgf/systemlayer/pgfsys.code.tex
Package: pgfsys 2025-08-29 v3.1.11a (3.1.11a)
 (/usr/share/texmf-dist/tex/generic/pgf/utilities/pgfkeys.code.tex
\pgfkeys@pathtoks=\toks20
\pgfkeys@temptoks=\toks21
 (/usr/share/texmf-dist/tex/generic/pgf/utilities/pgfkeyslibraryfiltered.code.tex
\pgfkeys@tmptoks=\toks22
))
\pgf@x=\dimen161
\pgf@y=\dimen162
\pgf@xa=\dimen163
\pgf@ya=\dimen164
\pgf@xb=\dimen165
\pgf@yb=\dimen166
\pgf@xc=\dimen167
\pgf@yc=\dimen168
\pgf@xd=\dimen169
\pgf@yd=\dimen170
\w@pgf@writea=\write3
\r@pgf@reada=\read2
\c@pgf@counta=\count293
\c@pgf@countb=\count294
\c@pgf@countc=\count295
\c@pgf@countd=\count296
\t@pgf@toka=\toks23
\t@pgf@tokb=\toks24
\t@pgf@tokc=\toks25
\pgf@sys@id@count=\count297
 (/usr/share/texmf-dist/tex/generic/pgf/systemlayer/pgf.cfg
File: pgf.cfg 2025-08-29 v3.1.11a (3.1.11a)
)
Driver file for pgf: pgfsys-pdftex.def
 (/usr/share/texmf-dist/tex/generic/pgf/systemlayer/pgfsys-pdftex.def
File: pgfsys-pdftex.def 2025-08-29 v3.1.11a (3.1.11a)
 (/usr/share/texmf-dist/tex/generic/pgf/systemlayer/pgfsys-common-pdf.def
File: pgfsys-common-pdf.def 2025-08-29 v3.1.11a (3.1.11a)
))) (/usr/share/texmf-dist/tex/generic/pgf/systemlayer/pgfsyssoftpath.code.tex
File: pgfsyssoftpath.code.tex 2025-08-29 v3.1.11a (3.1.11a)
\pgfsyssoftpath@smallbuffer@items=\count298
\pgfsyssoftpath@bigbuffer@items=\count299
) (/usr/share/texmf-dist/tex/generic/pgf/systemlayer/pgfsysprotocol.code.tex
File: pgfsysprotocol.code.tex 2025-08-29 v3.1.11a (3.1.11a)
)) (/usr/share/texmf-dist/tex/latex/xcolor/xcolor.sty
Package: xcolor 2024/09/29 v3.02 LaTeX color extensions (UK)
 (/usr/share/texmf-dist/tex/latex/graphics-cfg/color.cfg
File: color.cfg 2016/01/02 v1.6 sample color configuration
)
Package xcolor Info: Driver file: pdftex.def on input line 274.
 (/usr/share/texmf-dist/tex/latex/graphics/mathcolor.ltx)
Package xcolor Info: Model `cmy' substituted by `cmy0' on input line 1349.
Package xcolor Info: Model `hsb' substituted by `rgb' on input line 1353.
Package xcolor Info: Model `RGB' extended on input line 1365.
Package xcolor Info: Model `HTML' substituted by `rgb' on input line 1367.
Package xcolor Info: Model `Hsb' substituted by `hsb' on input line 1368.
Package xcolor Info: Model `tHsb' substituted by `hsb' on input line 1369.
Package xcolor Info: Model `HSB' substituted by `hsb' on input line 1370.
Package xcolor Info: Model `Gray' substituted by `gray' on input line 1371.
Package xcolor Info: Model `wave' substituted by `hsb' on input line 1372.
) (/usr/share/texmf-dist/tex/generic/pgf/basiclayer/pgfcore.code.tex
Package: pgfcore 2025-08-29 v3.1.11a (3.1.11a)
 (/usr/share/texmf-dist/tex/generic/pgf/math/pgfmath.code.tex (/usr/share/texmf-dist/tex/generic/pgf/math/pgfmathutil.code.tex) (/usr/share/texmf-dist/tex/generic/pgf/math/pgfmathparser.code.tex
\pgfmath@dimen=\dimen171
\pgfmath@count=\count300
\pgfmath@box=\box55
\pgfmath@toks=\toks26
\pgfmath@stack@operand=\toks27
\pgfmath@stack@operation=\toks28
)
(/usr/share/texmf-dist/tex/generic/pgf/math/pgfmathfunctions.code.tex) (/usr/share/texmf-dist/tex/generic/pgf/math/pgfmathfunctions.basic.code.tex) (/usr/share/texmf-dist/tex/generic/pgf/math/pgfmathfunctions.trigonometric.code.tex) (/usr/share/texmf-dist/tex/generic/pgf/math/pgfmathfunctions.random.code.tex) (/usr/share/texmf-dist/tex/generic/pgf/math/pgfmathfunctions.comparison.code.tex) (/usr/share/texmf-dist/tex/generic/pgf/math/pgfmathfunctions.base.code.tex) (/usr/share/texmf-dist/tex/generic/pgf/math/pgfmathfunctions.round.code.tex) (/usr/share/texmf-dist/tex/generic/pgf/math/pgfmathfunctions.misc.code.tex) (/usr/share/texmf-dist/tex/generic/pgf/math/pgfmathfunctions.integerarithmetics.code.tex) (/usr/share/texmf-dist/tex/generic/pgf/math/pgfmathcalc.code.tex) (/usr/share/texmf-dist/tex/generic/pgf/math/pgfmathfloat.code.tex
\c@pgfmathroundto@lastzeros=\count301
)) (/usr/share/texmf-dist/tex/generic/pgf/math/pgfint.code.tex) (/usr/share/texmf-dist/tex/generic/pgf/basiclayer/pgfcorepoints.code.tex
File: pgfcorepoints.code.tex 2025-08-29 v3.1.11a (3.1.11a)
\pgf@picminx=\dimen172
\pgf@picmaxx=\dimen173
\pgf@picminy=\dimen174
\pgf@picmaxy=\dimen175
\pgf@pathminx=\dimen176
\pgf@pathmaxx=\dimen177
\pgf@pathminy=\dimen178
\pgf@pathmaxy=\dimen179
\pgf@xx=\dimen180
\pgf@xy=\dimen181
\pgf@yx=\dimen182
\pgf@yy=\dimen183
\pgf@zx=\dimen184
\pgf@zy=\dimen185
) (/usr/share/texmf-dist/tex/generic/pgf/basiclayer/pgfcorepathconstruct.code.tex
File: pgfcorepathconstruct.code.tex 2025-08-29 v3.1.11a (3.1.11a)
\pgf@path@lastx=\dimen186
\pgf@path@lasty=\dimen187
) (/usr/share/texmf-dist/tex/generic/pgf/basiclayer/pgfcorepathusage.code.tex
File: pgfcorepathusage.code.tex 2025-08-29 v3.1.11a (3.1.11a)
\pgf@shorten@end@additional=\dimen188
\pgf@shorten@start@additional=\dimen189
) (/usr/share/texmf-dist/tex/generic/pgf/basiclayer/pgfcorescopes.code.tex
File: pgfcorescopes.code.tex 2025-08-29 v3.1.11a (3.1.11a)
\pgfpic=\box56
\pgf@hbox=\box57
\pgf@layerbox@main=\box58
\pgf@picture@serial@count=\count302
) (/usr/share/texmf-dist/tex/generic/pgf/basiclayer/pgfcoregraphicstate.code.tex
File: pgfcoregraphicstate.code.tex 2025-08-29 v3.1.11a (3.1.11a)
\pgflinewidth=\dimen190
) (/usr/share/texmf-dist/tex/generic/pgf/basiclayer/pgfcoretransformations.code.tex
File: pgfcoretransformations.code.tex 2025-08-29 v3.1.11a (3.1.11a)
\pgf@pt@x=\dimen191
\pgf@pt@y=\dimen192
\pgf@pt@temp=\dimen193
) (/usr/share/texmf-dist/tex/generic/pgf/basiclayer/pgfcorequick.code.tex
File: pgfcorequick.code.tex 2025-08-29 v3.1.11a (3.1.11a)
) (/usr/share/texmf-dist/tex/generic/pgf/basiclayer/pgfcoreobjects.code.tex
File: pgfcoreobjects.code.tex 2025-08-29 v3.1.11a (3.1.11a)
) (/usr/share/texmf-dist/tex/generic/pgf/basiclayer/pgfcorepathprocessing.code.tex
File: pgfcorepathprocessing.code.tex 2025-08-29 v3.1.11a (3.1.11a)
) (/usr/share/texmf-dist/tex/generic/pgf/basiclayer/pgfcorearrows.code.tex
File: pgfcorearrows.code.tex 2025-08-29 v3.1.11a (3.1.11a)
\pgfarrowsep=\dimen194
) (/usr/share/texmf-dist/tex/generic/pgf/basiclayer/pgfcoreshade.code.tex
File: pgfcoreshade.code.tex 2025-08-29 v3.1.11a (3.1.11a)
\pgf@max=\dimen195
\pgf@sys@shading@range@num=\count303
\pgf@shadingcount=\count304
) (/usr/share/texmf-dist/tex/generic/pgf/basiclayer/pgfcoreimage.code.tex
File: pgfcoreimage.code.tex 2025-08-29 v3.1.11a (3.1.11a)
) (/usr/share/texmf-dist/tex/generic/pgf/basiclayer/pgfcoreexternal.code.tex
File: pgfcoreexternal.code.tex 2025-08-29 v3.1.11a (3.1.11a)
\pgfexternal@startupbox=\box59
) (/usr/share/texmf-dist/tex/generic/pgf/basiclayer/pgfcorelayers.code.tex
File: pgfcorelayers.code.tex 2025-08-29 v3.1.11a (3.1.11a)
)
(/usr/share/texmf-dist/tex/generic/pgf/basiclayer/pgfcoretransparency.code.tex
File: pgfcoretransparency.code.tex 2025-08-29 v3.1.11a (3.1.11a)
) (/usr/share/texmf-dist/tex/generic/pgf/basiclayer/pgfcorepatterns.code.tex
File: pgfcorepatterns.code.tex 2025-08-29 v3.1.11a (3.1.11a)
) (/usr/share/texmf-dist/tex/generic/pgf/basiclayer/pgfcorerdf.code.tex
File: pgfcorerdf.code.tex 2025-08-29 v3.1.11a (3.1.11a)
))) (/usr/share/texmf-dist/tex/generic/pgf/modules/pgfmoduleshapes.code.tex
File: pgfmoduleshapes.code.tex 2025-08-29 v3.1.11a (3.1.11a)
\pgfnodeparttextbox=\box60
) (/usr/share/texmf-dist/tex/generic/pgf/modules/pgfmoduleplot.code.tex
File: pgfmoduleplot.code.tex 2025-08-29 v3.1.11a (3.1.11a)
) (/usr/share/texmf-dist/tex/latex/pgf/compatibility/pgfcomp-version-0-65.sty
Package: pgfcomp-version-0-65 2025-08-29 v3.1.11a (3.1.11a)
\pgf@nodesepstart=\dimen196
\pgf@nodesepend=\dimen197
) (/usr/share/texmf-dist/tex/latex/pgf/compatibility/pgfcomp-version-1-18.sty
Package: pgfcomp-version-1-18 2025-08-29 v3.1.11a (3.1.11a)
)) (/usr/share/texmf-dist/tex/latex/pgf/utilities/pgffor.sty (/usr/share/texmf-dist/tex/latex/pgf/utilities/pgfkeys.sty (/usr/share/texmf-dist/tex/generic/pgf/utilities/pgfkeys.code.tex)) (/usr/share/texmf-dist/tex/latex/pgf/math/pgfmath.sty (/usr/share/texmf-dist/tex/generic/pgf/math/pgfmath.code.tex)) (/usr/share/texmf-dist/tex/generic/pgf/utilities/pgffor.code.tex
Package: pgffor 2025-08-29 v3.1.11a (3.1.11a)
\pgffor@iter=\dimen198
\pgffor@skip=\dimen199
\pgffor@stack=\toks29
\pgffor@toks=\toks30
)) (/usr/share/texmf-dist/tex/generic/pgf/frontendlayer/tikz/tikz.code.tex
Package: tikz 2025-08-29 v3.1.11a (3.1.11a)
 (/usr/share/texmf-dist/tex/generic/pgf/libraries/pgflibraryplothandlers.code.tex
File: pgflibraryplothandlers.code.tex 2025-08-29 v3.1.11a (3.1.11a)
\pgf@plot@mark@count=\count305
\pgfplotmarksize=\dimen256
)
\tikz@lastx=\dimen257
\tikz@lasty=\dimen258
\tikz@lastxsaved=\dimen259
\tikz@lastysaved=\dimen260
\tikz@lastmovetox=\dimen261
\tikz@lastmovetoy=\dimen262
\tikzleveldistance=\dimen263
\tikzsiblingdistance=\dimen264
\tikz@figbox=\box61
\tikz@figbox@bg=\box62
\tikz@tempbox=\box63
\tikz@tempbox@bg=\box64
\tikztreelevel=\count306
\tikznumberofchildren=\count307
\tikznumberofcurrentchild=\count308
\tikz@fig@count=\count309
 (/usr/share/texmf-dist/tex/generic/pgf/modules/pgfmodulematrix.code.tex
File: pgfmodulematrix.code.tex 2025-08-29 v3.1.11a (3.1.11a)
\pgfmatrixcurrentrow=\count310
\pgfmatrixcurrentcolumn=\count311
\pgf@matrix@numberofcolumns=\count312
)
\tikz@expandcount=\count313
 (/usr/share/texmf-dist/tex/generic/pgf/frontendlayer/tikz/libraries/tikzlibrarytopaths.code.tex
File: tikzlibrarytopaths.code.tex 2025-08-29 v3.1.11a (3.1.11a)
))) (/usr/share/texmf-dist/tex/latex/tools/verbatim.sty
Package: verbatim 2024-01-22 v1.5x LaTeX2e package for verbatim enhancements
\every@verbatim=\toks31
\verbatim@line=\toks32
\verbatim@in@stream=\read3
) (/usr/share/texmf-dist/tex/latex/environ/environ.sty
Package: environ 2014/05/04 v0.3 A new way to define environments
 (/usr/share/texmf-dist/tex/latex/trimspaces/trimspaces.sty
Package: trimspaces 2009/09/17 v1.1 Trim spaces around a token list
)
\@envbody=\toks33
) (/usr/share/texmf-dist/tex/latex/etoolbox/etoolbox.sty
Package: etoolbox 2025/10/02 v2.5m e-TeX tools for LaTeX (JAW)
\etb@tempcnta=\count314
)
\tcb@titlebox=\box65
\tcb@upperbox=\box66
\tcb@lowerbox=\box67
\tcb@phantombox=\box68
\c@tcbbreakpart=\count315
\c@tcblayer=\count316
\c@tcolorbox@number=\count317
\l__tcobox_tmpa_box=\box69
\l__tcobox_tmpa_dim=\dimen265
\tcb@temp=\box70
\tcb@temp=\box71
\tcb@temp=\box72
\tcb@temp=\box73
) (/usr/share/texmf-dist/tex/latex/geometry/geometry.sty
Package: geometry 2020/01/02 v5.9 Page Geometry
 (/usr/share/texmf-dist/tex/generic/iftex/ifvtex.sty
Package: ifvtex 2019/10/25 v1.7 ifvtex legacy package. Use iftex instead.
 (/usr/share/texmf-dist/tex/generic/iftex/iftex.sty
Package: iftex 2024/12/12 v1.0g TeX engine tests
))
\Gm@cnth=\count318
\Gm@cntv=\count319
\c@Gm@tempcnt=\count320
\Gm@bindingoffset=\dimen266
\Gm@wd@mp=\dimen267
\Gm@odd@mp=\dimen268
\Gm@even@mp=\dimen269
\Gm@layoutwidth=\dimen270
\Gm@layoutheight=\dimen271
\Gm@layouthoffset=\dimen272
\Gm@layoutvoffset=\dimen273
\Gm@dimlist=\toks34
) (/usr/share/texmf-dist/tex/latex/amsmath/amsmath.sty
Package: amsmath 2025/07/09 v2.17z AMS math features
\@mathmargin=\skip51

For additional information on amsmath, use the `?' option.
(/usr/share/texmf-dist/tex/latex/amsmath/amstext.sty
Package: amstext 2024/11/17 v2.01 AMS text
 (/usr/share/texmf-dist/tex/latex/amsmath/amsgen.sty
File: amsgen.sty 1999/11/30 v2.0 generic functions
\@emptytoks=\toks35
\ex@=\dimen274
)) (/usr/share/texmf-dist/tex/latex/amsmath/amsbsy.sty
Package: amsbsy 1999/11/29 v1.2d Bold Symbols
\pmbraise@=\dimen275
) (/usr/share/texmf-dist/tex/latex/amsmath/amsopn.sty
Package: amsopn 2022/04/08 v2.04 operator names
)
\inf@bad=\count321
LaTeX Info: Redefining \frac on input line 233.
\uproot@=\count322
\leftroot@=\count323
LaTeX Info: Redefining \overline on input line 398.
LaTeX Info: Redefining \colon on input line 409.
\classnum@=\count324
\DOTSCASE@=\count325
LaTeX Info: Redefining \ldots on input line 495.
LaTeX Info: Redefining \dots on input line 498.
LaTeX Info: Redefining \cdots on input line 619.
\Mathstrutbox@=\box74
\strutbox@=\box75
LaTeX Info: Redefining \big on input line 721.
LaTeX Info: Redefining \Big on input line 722.
LaTeX Info: Redefining \bigg on input line 723.
LaTeX Info: Redefining \Bigg on input line 724.
\big@size=\dimen276
LaTeX Font Info:    Redeclaring font encoding OML on input line 742.
LaTeX Font Info:    Redeclaring font encoding OMS on input line 743.
\macc@depth=\count326
LaTeX Info: Redefining \bmod on input line 904.
LaTeX Info: Redefining \pmod on input line 909.
LaTeX Info: Redefining \smash on input line 939.
LaTeX Info: Redefining \relbar on input line 969.
LaTeX Info: Redefining \Relbar on input line 970.
\c@MaxMatrixCols=\count327
\dotsspace@=\muskip17
\c@parentequation=\count328
\dspbrk@lvl=\count329
\tag@help=\toks36
\row@=\count330
\column@=\count331
\maxfields@=\count332
\andhelp@=\toks37
\eqnshift@=\dimen277
\alignsep@=\dimen278
\tagshift@=\dimen279
\tagwidth@=\dimen280
\totwidth@=\dimen281
\lineht@=\dimen282
\@envbody=\toks38
\multlinegap=\skip52
\multlinetaggap=\skip53
\mathdisplay@stack=\toks39
LaTeX Info: Redefining \[ on input line 2950.
LaTeX Info: Redefining \] on input line 2951.
) (/usr/share/texmf-dist/tex/latex/amsfonts/amsfonts.sty
Package: amsfonts 2013/01/14 v3.01 Basic AMSFonts support
\symAMSa=\mathgroup4
\symAMSb=\mathgroup5
LaTeX Font Info:    Redeclaring math symbol \hbar on input line 98.
LaTeX Font Info:    Overwriting math alphabet `\mathfrak' in version `bold'
(Font)                  U/euf/m/n --> U/euf/b/n on input line 106.
) (/usr/share/texmf-dist/tex/latex/amsfonts/amssymb.sty
Package: amssymb 2013/01/14 v3.01 AMS font symbols
) (/usr/share/texmf-dist/tex/latex/hyperref/hyperref.sty
Package: hyperref 2026-01-29 v7.01p Hypertext links for LaTeX
 (/usr/share/texmf-dist/tex/latex/kvsetkeys/kvsetkeys.sty
Package: kvsetkeys 2022-10-05 v1.19 Key value parser (HO)
) (/usr/share/texmf-dist/tex/generic/kvdefinekeys/kvdefinekeys.sty
Package: kvdefinekeys 2019-12-19 v1.6 Define keys (HO)
) (/usr/share/texmf-dist/tex/generic/pdfescape/pdfescape.sty
Package: pdfescape 2019/12/09 v1.15 Implements pdfTeX's escape features (HO)
 (/usr/share/texmf-dist/tex/generic/ltxcmds/ltxcmds.sty
Package: ltxcmds 2023-12-04 v1.26 LaTeX kernel commands for general use (HO)
) (/usr/share/texmf-dist/tex/generic/pdftexcmds/pdftexcmds.sty
Package: pdftexcmds 2020-06-27 v0.33 Utility functions of pdfTeX for LuaTeX (HO)
 (/usr/share/texmf-dist/tex/generic/infwarerr/infwarerr.sty
Package: infwarerr 2019/12/03 v1.5 Providing info/warning/error messages (HO)
)
Package pdftexcmds Info: \pdf@primitive is available.
Package pdftexcmds Info: \pdf@ifprimitive is available.
Package pdftexcmds Info: \pdfdraftmode found.
)) (/usr/share/texmf-dist/tex/latex/hycolor/hycolor.sty
Package: hycolor 2020-01-27 v1.10 Color options for hyperref/bookmark (HO)
) (/usr/share/texmf-dist/tex/latex/hyperref/nameref.sty
Package: nameref 2026-01-29 v2.58 Cross-referencing by name of section
 (/usr/share/texmf-dist/tex/latex/refcount/refcount.sty
Package: refcount 2019/12/15 v3.6 Data extraction from label references (HO)
) (/usr/share/texmf-dist/tex/generic/gettitlestring/gettitlestring.sty
Package: gettitlestring 2019/12/15 v1.6 Cleanup title references (HO)
 (/usr/share/texmf-dist/tex/latex/kvoptions/kvoptions.sty
Package: kvoptions 2022-06-15 v3.15 Key value format for package options (HO)
))
\c@section@level=\count333
) (/usr/share/texmf-dist/tex/generic/stringenc/stringenc.sty
Package: stringenc 2019/11/29 v1.12 Convert strings between diff. encodings (HO)
)
\@linkdim=\dimen283
\Hy@linkcounter=\count334
\Hy@pagecounter=\count335
 (/usr/share/texmf-dist/tex/latex/hyperref/pd1enc.def
File: pd1enc.def 2026-01-29 v7.01p Hyperref: PDFDocEncoding definition (HO)
Now handling font encoding PD1 ...
... no UTF-8 mapping file for font encoding PD1
) (/usr/share/texmf-dist/tex/generic/intcalc/intcalc.sty
Package: intcalc 2019/12/15 v1.3 Expandable calculations with integers (HO)
)
\Hy@SavedSpaceFactor=\count336
 (/usr/share/texmf-dist/tex/latex/hyperref/puenc.def
File: puenc.def 2026-01-29 v7.01p Hyperref: PDF Unicode definition (HO)
Now handling font encoding PU ...
... no UTF-8 mapping file for font encoding PU
)
Package hyperref Info: Option `colorlinks' set `true' on input line 4072.
Package hyperref Info: Hyper figures OFF on input line 4201.
Package hyperref Info: Link nesting OFF on input line 4206.
Package hyperref Info: Hyper index ON on input line 4209.
Package hyperref Info: Plain pages OFF on input line 4216.
Package hyperref Info: Backreferencing OFF on input line 4221.
Package hyperref Info: Implicit mode ON; LaTeX internals redefined.
Package hyperref Info: Bookmarks ON on input line 4468.
\c@Hy@tempcnt=\count337
 (/usr/share/texmf-dist/tex/latex/url/url.sty
\Urlmuskip=\muskip18
Package: url 2013/09/16  ver 3.4  Verb mode for urls, etc.
)
LaTeX Info: Redefining \url on input line 4807.
\XeTeXLinkMargin=\dimen284
 (/usr/share/texmf-dist/tex/generic/bitset/bitset.sty
Package: bitset 2019/12/09 v1.3 Handle bit-vector datatype (HO)
 (/usr/share/texmf-dist/tex/generic/bigintcalc/bigintcalc.sty
Package: bigintcalc 2019/12/15 v1.5 Expandable calculations on big integers (HO)
))
\Fld@menulength=\count338
\Field@Width=\dimen285
\Fld@charsize=\dimen286
Package hyperref Info: Hyper figures OFF on input line 6084.
Package hyperref Info: Link nesting OFF on input line 6089.
Package hyperref Info: Hyper index ON on input line 6092.
Package hyperref Info: backreferencing OFF on input line 6099.
Package hyperref Info: Link coloring ON on input line 6102.
Package hyperref Info: Link coloring with OCG OFF on input line 6109.
Package hyperref Info: PDF/A mode OFF on input line 6114.
\Hy@abspage=\count339
\c@Item=\count340
\c@Hfootnote=\count341
)
Package hyperref Info: Driver (autodetected): hpdftex.
 (/usr/share/texmf-dist/tex/latex/hyperref/hpdftex.def
File: hpdftex.def 2026-01-29 v7.01p Hyperref driver for pdfTeX
\Fld@listcount=\count342
\c@bookmark@seq@number=\count343
 (/usr/share/texmf-dist/tex/latex/rerunfilecheck/rerunfilecheck.sty
Package: rerunfilecheck 2025-06-21 v1.11 Rerun checks for auxiliary files (HO)
 (/usr/share/texmf-dist/tex/generic/uniquecounter/uniquecounter.sty
Package: uniquecounter 2019/12/15 v1.4 Provide unlimited unique counter (HO)
)
Package uniquecounter Info: New unique counter `rerunfilecheck' on input line 284.
)
\Hy@SectionHShift=\skip54
) (/usr/share/texmf-dist/tex/latex/natbib/natbib.sty
Package: natbib 2010/09/13 8.31b (PWD, AO)
\bibhang=\skip55
\bibsep=\skip56
LaTeX Info: Redefining \cite on input line 694.
\c@NAT@ctr=\count344
) (/usr/share/texmf-dist/tex/latex/enumitem/enumitem.sty
Package: enumitem 2025/02/06 v3.11 Customized lists
\labelindent=\skip57
\enit@outerparindent=\dimen287
\enit@toks=\toks40
\enit@inbox=\box76
\enit@count@id=\count345
\enitdp@description=\count346
) (/usr/share/texmf-dist/tex/latex/tools/multicol.sty
Package: multicol 2025/10/21 v2.0b multicolumn formatting (FMi)
\c@tracingmulticols=\count347
\mult@box=\box77
\multicol@leftmargin=\dimen288
\c@unbalance=\count348
\c@collectmore=\count349
\doublecol@number=\count350
\multicoltolerance=\count351
\multicolpretolerance=\count352
\full@width=\dimen289
\page@free=\dimen290
\premulticols=\dimen291
\postmulticols=\dimen292
\multicolsep=\skip58
\multicolbaselineskip=\skip59
\partial@page=\box78
\last@line=\box79
\mc@boxedresult=\box80
\maxbalancingoverflow=\dimen293
\mult@rightbox=\box81
\mult@grightbox=\box82
\mult@firstbox=\box83
\mult@gfirstbox=\box84
\@tempa=\box85
\@tempa=\box86
\@tempa=\box87
\@tempa=\box88
\@tempa=\box89
\@tempa=\box90
\@tempa=\box91
\@tempa=\box92
\@tempa=\box93
\@tempa=\box94
\@tempa=\box95
\@tempa=\box96
\@tempa=\box97
\@tempa=\box98
\@tempa=\box99
\@tempa=\box100
\@tempa=\box101
\@tempa=\box102
\@tempa=\box103
\@tempa=\box104
\@tempa=\box105
\@tempa=\box106
\@tempa=\box107
\@tempa=\box108
\@tempa=\box109
\@tempa=\box110
\@tempa=\box111
\@tempa=\box112
\@tempa=\box113
\@tempa=\box114
\@tempa=\box115
\@tempa=\box116
\@tempa=\box117
\@tempa=\box118
\@tempa=\box119
\@tempa=\box120
\c@minrows=\count353
\c@columnbadness=\count354
\c@finalcolumnbadness=\count355
\last@try=\dimen294
\multicolovershoot=\dimen295
\multicolundershoot=\dimen296
\mult@nat@firstbox=\box121
\colbreak@box=\box122
\mc@col@check@num=\count356
\g__mc_curr_col_int=\count357
) (/usr/share/texmf-dist/tex/latex/tcolorbox/tcbbreakable.code.tex
Library (tcolorbox): 'tcbbreakable.code.tex' version '6.9.0'
(/usr/share/texmf-dist/tex/latex/pdfcol/pdfcol.sty
Package: pdfcol 2022-09-21 v1.7 Handle new color stacks for pdfTeX (HO)
)
Package pdfcol Info: New color stack `tcb@breakable' = 1 on input line 23.
\tcb@testbox=\box123
\tcb@totalupperbox=\box124
\tcb@totallowerbox=\box125
) (/usr/share/texmf-dist/tex/latex/l3backend/l3backend-pdftex.def
File: l3backend-pdftex.def 2025-10-09 L3 backend support: PDF output (pdfTeX)
\l__color_backend_stack_int=\count358
) (./notes.aux)
\openout1 = `notes.aux'.

LaTeX Font Info:    Checking defaults for OML/cmm/m/it on input line 233.
LaTeX Font Info:    ... okay on input line 233.
LaTeX Font Info:    Checking defaults for OMS/cmsy/m/n on input line 233.
LaTeX Font Info:    ... okay on input line 233.
LaTeX Font Info:    Checking defaults for OT1/cmr/m/n on input line 233.
LaTeX Font Info:    ... okay on input line 233.
LaTeX Font Info:    Checking defaults for T1/cmr/m/n on input line 233.
LaTeX Font Info:    ... okay on input line 233.
LaTeX Font Info:    Checking defaults for TS1/cmr/m/n on input line 233.
LaTeX Font Info:    ... okay on input line 233.
LaTeX Font Info:    Checking defaults for OMX/cmex/m/n on input line 233.
LaTeX Font Info:    ... okay on input line 233.
LaTeX Font Info:    Checking defaults for U/cmr/m/n on input line 233.
LaTeX Font Info:    ... okay on input line 233.
LaTeX Font Info:    Checking defaults for PD1/pdf/m/n on input line 233.
LaTeX Font Info:    ... okay on input line 233.
LaTeX Font Info:    Checking defaults for PU/pdf/m/n on input line 233.
LaTeX Font Info:    ... okay on input line 233.
 (/usr/share/texmf-dist/tex/context/base/mkii/supp-pdf.mkii
[Loading MPS to PDF converter (version 2006.09.02).]
\scratchcounter=\count359
\scratchdimen=\dimen297
\scratchbox=\box126
\nofMPsegments=\count360
\nofMParguments=\count361
\everyMPshowfont=\toks41
\MPscratchCnt=\count362
\MPscratchDim=\dimen298
\MPnumerator=\count363
\makeMPintoPDFobject=\count364
\everyMPtoPDFconversion=\toks42
) (/usr/share/texmf-dist/tex/latex/epstopdf-pkg/epstopdf-base.sty
Package: epstopdf-base 2020-01-24 v2.11 Base part for package epstopdf
Package epstopdf-base Info: Redefining graphics rule for `.eps' on input line 485.
 (/usr/share/texmf-dist/tex/latex/latexconfig/epstopdf-sys.cfg
File: epstopdf-sys.cfg 2010/07/13 v1.3 Configuration of (r)epstopdf for TeX Live
))
*geometry* driver: auto-detecting
*geometry* detected driver: pdftex
*geometry* verbose mode - [ preamble ] result:
* driver: pdftex
* paper: a4paper
* layout: <same size as paper>
* layoutoffset:(h,v)=(0.0pt,0.0pt)
* modes: 
* h-part:(L,W,R)=(72.26999pt, 452.9679pt, 72.26999pt)
* v-part:(T,H,B)=(72.26999pt, 700.50687pt, 72.26999pt)
* \paperwidth=597.50787pt
* \paperheight=845.04684pt
* \textwidth=452.9679pt
* \textheight=700.50687pt
* \oddsidemargin=0.0pt
* \evensidemargin=0.0pt
* \topmargin=-37.0pt
* \headheight=12.0pt
* \headsep=25.0pt
* \topskip=10.0pt
* \footskip=30.0pt
* \marginparwidth=65.0pt
* \marginparsep=11.0pt
* \columnsep=10.0pt
* \skip\footins=9.0pt plus 4.0pt minus 2.0pt
* \hoffset=0.0pt
* \voffset=0.0pt
* \mag=1000
* \@twocolumnfalse
* \@twosidefalse
* \@mparswitchfalse
* \@reversemarginfalse
* (1in=72.27pt=25.4mm, 1cm=28.453pt)

Package hyperref Info: Link coloring ON on input line 233.
(./notes.out) (./notes.out)
\@outlinefile=\write4
\openout4 = `notes.out'.

LaTeX Font Info:    Trying to load font information for U+msa on input line 236.
 (/usr/share/texmf-dist/tex/latex/amsfonts/umsa.fd
File: umsa.fd 2013/01/14 v3.01 AMS symbols A
)
LaTeX Font Info:    Trying to load font information for U+msb on input line 236.
 (/usr/share/texmf-dist/tex/latex/amsfonts/umsb.fd
File: umsb.fd 2013/01/14 v3.01 AMS symbols B
) (./notes.toc

LaTeX Font Warning: Font shape `OT1/cmr/m/n' in size <13> not available
(Font)              size <12> substituted on input line 2.


LaTeX Font Warning: Font shape `OML/cmm/m/it' in size <13> not available
(Font)              size <12> substituted on input line 2.


LaTeX Font Warning: Font shape `OMS/cmsy/m/n' in size <13> not available
(Font)              size <12> substituted on input line 2.

[1

{/var/lib/texmf/fonts/map/pdftex/updmap/pdftex.map}]
LaTeX Font Info:    Trying to load font information for OMS+cmtt on input line 54.
LaTeX Font Info:    No file OMScmtt.fd. on input line 54.


LaTeX Font Warning: Font shape `OMS/cmtt/m/n' undefined
(Font)              using `OMS/cmsy/m/n' instead
(Font)              for symbol `textbackslash' on input line 54.

[2] [3] [4])
\tf@toc=\write5
\openout5 = `notes.toc'.

 [5] [6{/usr/share/texmf-dist/fonts/enc/dvips/cm-super/cm-super-ts1.enc}]
Underfull \hbox (badness 10000) in paragraph at lines 293--294

 []


Underfull \hbox (badness 10000) in paragraph at lines 295--296

 []


Underfull \hbox (badness 10000) in paragraph at lines 297--298

 []


Underfull \hbox (badness 10000) in paragraph at lines 299--300

 []


Underfull \hbox (badness 10000) in paragraph at lines 305--306

 []

[7]
Underfull \hbox (badness 10000) in paragraph at lines 311--312

 []


Underfull \hbox (badness 10000) in paragraph at lines 313--314

 []


Underfull \hbox (badness 10000) in paragraph at lines 320--321

 []


Underfull \hbox (badness 10000) in paragraph at lines 359--360

 []

[8]
Underfull \hbox (badness 10000) in paragraph at lines 385--386

 []

[9]
Underfull \hbox (badness 10000) in paragraph at lines 394--396

 []


Underfull \hbox (badness 10000) in paragraph at lines 403--404

 []

[10]
Underfull \hbox (badness 10000) in paragraph at lines 420--421

 []


Underfull \hbox (badness 10000) in paragraph at lines 426--427

 []

[11] [12]
Overfull \hbox (37.41891pt too wide) in paragraph at lines 444--445
\OT1/cmr/m/n/10 C++ pro-grams are com-prised into [] com-pris-ing [] and []. 
 []


Underfull \hbox (badness 10000) in paragraph at lines 450--451

 []


Underfull \hbox (badness 10000) in paragraph at lines 452--453

 []

[13]
Underfull \hbox (badness 10000) in paragraph at lines 478--479

 []


Underfull \hbox (badness 10000) in paragraph at lines 480--481

 []


Underfull \hbox (badness 10000) in paragraph at lines 486--489

 []


Underfull \hbox (badness 10000) in paragraph at lines 492--494

 []

[14]
Underfull \hbox (badness 10000) in paragraph at lines 500--501

 []

[15]
Underfull \hbox (badness 10000) in paragraph at lines 573--574

 []


Underfull \hbox (badness 10000) in paragraph at lines 575--576

 []


Underfull \hbox (badness 10000) in paragraph at lines 577--578

 []


LaTeX Font Warning: Font shape `OT1/cmr/bx/n' in size <13> not available
(Font)              size <12> substituted on input line 585.


Underfull \hbox (badness 10000) in paragraph at lines 588--589

 []


Overfull \hbox (35.21803pt too wide) in paragraph at lines 590--591
[]\OT1/cmr/m/n/10 Side note: C/C++ is case-sensitive, so Int and int aren't the same. Int would have to be a class/struct/typedef/etc
 []

[16]
Underfull \hbox (badness 10000) in paragraph at lines 594--595

 []


Underfull \hbox (badness 10000) in paragraph at lines 596--597

 []


Underfull \hbox (badness 10000) in paragraph at lines 598--599

 []


Underfull \hbox (badness 10000) in paragraph at lines 604--605

 []


Underfull \hbox (badness 10000) in paragraph at lines 606--607

 []

[17]
Underfull \hbox (badness 10000) in paragraph at lines 665--666

 []


Underfull \hbox (badness 10000) in paragraph at lines 667--668

 []

[18] [19] [20]
Underfull \hbox (badness 10000) in paragraph at lines 753--754

 []

[21]
Underfull \hbox (badness 10000) in paragraph at lines 779--780

 []

[22]
Underfull \hbox (badness 10000) in paragraph at lines 793--794

 []

[23] [24] [25] [26] [27] [28] [29]
LaTeX Font Info:    Font shape `OT1/cmtt/bx/n' in size <12> not available
(Font)              Font shape `OT1/cmtt/m/n' tried instead on input line 911.

Overfull \hbox (3.61266pt too wide) in paragraph at lines 919--920
[][][]\OT1/cmtt/m/n/10 int64_t []\OT1/cmr/m/n/10 -- ex-actly 64 bits, range: $\OMS/cmsy/m/n/12 ^^@\OT1/cmr/m/n/12 9\OML/cmm/m/it/12 ;  \OT1/cmr/m/n/12 223\OML/cmm/m/it/12 ;  \OT1/cmr/m/n/12 372\OML/cmm/m/it/12 ;  \OT1/cmr/m/n/12 036\OML/cmm/m/it/12 ;  \OT1/cmr/m/n/12 854\OML/cmm/m/it/12 ;  \OT1/cmr/m/n/12 775\OML/cmm/m/it/12 ;  \OT1/cmr/m/n/12 808$ \OT1/cmr/m/n/10 to $\OT1/cmr/m/n/12 9\OML/cmm/m/it/12 ;  \OT1/cmr/m/n/12 223\OML/cmm/m/it/12 ;  \OT1/cmr/m/n/12 372\OML/cmm/m/it/12 ;  \OT1/cmr/m/n/12 036\OML/cmm/m/it/12 ;  \OT1/cmr/m/n/12 854\OML/cmm/m/it/12 ;  \OT1/cmr/m/n/12 775\OML/cmm/m/it/12 ;  \OT1/cmr/m/n/12 807$\OT1/cmr/m/n/10 . 
 []

[30] [31] [32] [33] [34] [35]
LaTeX Font Info:    Font shape `OT1/cmtt/bx/n' in size <10> not available
(Font)              Font shape `OT1/cmtt/m/n' tried instead on input line 1070.
 [36] [37] [38]
Overfull \hbox (13.67067pt too wide) in paragraph at lines 1243--1244
[]\OT1/cmr/m/n/10 In the above ex-am-ple, the com-piler de-ter-mines [][]\OT1/cmtt/m/n/10 bool []\OT1/cmr/m/n/10 as the type that suits vari-abled [][]\OT1/cmtt/m/n/10 coinFlippedHeads
 []

[39]
Overfull \hbox (66.43524pt too wide) in paragraph at lines 1261--1262
[]\OT1/cmr/m/n/10 Here is an ex-am-ple where a pro-gram-mer wants to call an \OT1/cmr/bx/n/10 un-signed int \OT1/cmr/m/n/10 a de-scrip-tive [][]\OT1/cmtt/m/n/10 STRICTLY_POSITIVE_INTEGER[]\OT1/cmr/m/n/10 . 
 []


Overfull \hbox (59.06499pt too wide) in paragraph at lines 1276--1277
\OT1/cmr/bx/n/10 signed int\OT1/cmr/m/n/10 . At later stages when the com-piler en-coun-ters the al-ready de-fined type [][]\OT1/cmtt/m/n/10 STRICTLY_POSITIVE_INTEGER[]\OT1/cmr/m/n/10 ,
 []

[40]
Underfull \hbox (badness 10000) in paragraph at lines 1332--1334

 []

[41] [42] [43]
Underfull \hbox (badness 10000) in paragraph at lines 1463--1464

 []


Underfull \hbox (badness 10000) in paragraph at lines 1467--1468

 []


Underfull \hbox (badness 10000) in paragraph at lines 1480--1481

 []


Underfull \hbox (badness 10000) in paragraph at lines 1504--1505

 []

[44] [45]
Underfull \hbox (badness 10000) in paragraph at lines 1565--1566

 []

[46]
Underfull \hbox (badness 10000) in paragraph at lines 1587--1588

 []

[47] [48] [49]
Underfull \hbox (badness 10000) in paragraph at lines 1707--1708

 []


Underfull \hbox (badness 10000) in paragraph at lines 1713--1714

 []


Underfull \hbox (badness 10000) in paragraph at lines 1719--1720

 []

[50]
Underfull \hbox (badness 10000) in paragraph at lines 1732--1734

 []


Underfull \hbox (badness 10000) in paragraph at lines 1737--1739

 []


Underfull \hbox (badness 10000) in paragraph at lines 1745--1746

 []


Underfull \hbox (badness 10000) in paragraph at lines 1754--1755

 []


Underfull \hbox (badness 10000) in paragraph at lines 1760--1762

 []

[51] [52] [53]
Underfull \hbox (badness 10000) in paragraph at lines 1836--1837

 []


Underfull \hbox (badness 10000) in paragraph at lines 1838--1840

 []


Underfull \hbox (badness 10000) in paragraph at lines 1843--1844

 []

[54] [55] [56] [57] [58] [59] [60] [61]

LaTeX Font Warning: Font shape `OMS/cmtt/bx/n' undefined
(Font)              using `OMS/cmtt/m/n' instead
(Font)              for symbol `textbackslash' on input line 2142.

[62] [63]
Underfull \hbox (badness 10000) in paragraph at lines 2215--2216

 []


Underfull \hbox (badness 10000) in paragraph at lines 2219--2220

 []


Underfull \hbox (badness 10000) in paragraph at lines 2223--2224

 []

[64]
Underfull \hbox (badness 10000) in paragraph at lines 2240--2241

 []

[65] [66]
Overfull \hbox (12.25513pt too wide) in paragraph at lines 2250--2252
\OT1/cmr/m/n/10 These steps are pro-grammed into ex-pres-sions, state-ments, and use op-er-a-tors to per-form cal-cu-la-tions/actions. 
 []

[67] [68] [69]

Package hyperref Warning: Token not allowed in a PDF string (Unicode):
(hyperref)                removing `math shift' on input line 2377.


Package hyperref Warning: Token not allowed in a PDF string (Unicode):
(hyperref)                removing `math shift' on input line 2377.


Package hyperref Warning: Token not allowed in a PDF string (Unicode):
(hyperref)                removing `math shift' on input line 2377.


Package hyperref Warning: Token not allowed in a PDF string (Unicode):
(hyperref)                removing `math shift' on input line 2377.


Overfull \hbox (60.27788pt too wide) in paragraph at lines 2408--2408
 []\OT1/cmtt/m/n/10 double y = 7 / 2;      // y = 3.0 (division happens first, still integer division, IMPORTANT)[] 
 []

[70] [71] [72] [73] [74] [75] [76]

Package hyperref Warning: Token not allowed in a PDF string (Unicode):
(hyperref)                removing `math shift' on input line 2671.


Package hyperref Warning: Token not allowed in a PDF string (Unicode):
(hyperref)                removing `math shift' on input line 2671.


Package hyperref Warning: Token not allowed in a PDF string (Unicode):
(hyperref)                removing `math shift' on input line 2671.


Package hyperref Warning: Token not allowed in a PDF string (Unicode):
(hyperref)                removing `math shift' on input line 2671.

[77] [78] [79] [80] [81] [82] [83] [84] [85] [86] [87]
Overfull \hbox (10.2272pt too wide) in paragraph at lines 2896--2897
[]\OT1/cmr/m/n/10 Just the same way as a \OT1/cmr/bx/n/10 vari-able \OT1/cmr/m/n/10 of type \OT1/cmr/bx/n/10 int \OT1/cmr/m/n/10 is used to con-tain an \OT1/cmr/bx/n/10 in-te-ger value\OT1/cmr/m/n/10 , a []
 []

[88] [89] [90] [91] [92]
Underfull \hbox (badness 10000) in paragraph at lines 3037--3039

 []

[93] [94] [95] [96] [97] [98] [99]
Overfull \hbox (2.33748pt too wide) in paragraph at lines 3344--3345
\OT1/cmr/m/n/10 ternary forms), and then over-load res-o-lu-tion de-ter-mines whether a match-ing [][]\OT1/cmtt/m/n/10 operator+[]\OT1/cmr/m/n/10 , [][]\OT1/cmtt/m/n/10 operator![]\OT1/cmr/m/n/10 ,
 []

[100] [101] [102]
Overfull \hbox (62.45438pt too wide) in paragraph at lines 3480--3481
[][] 
 []

[103]

Package hyperref Warning: Token not allowed in a PDF string (Unicode):
(hyperref)                removing `math shift' on input line 3486.


Package hyperref Warning: Token not allowed in a PDF string (Unicode):
(hyperref)                removing `math shift' on input line 3486.


Underfull \hbox (badness 10000) in paragraph at lines 3499--3500

 []

[104]
Overfull \hbox (25.09503pt too wide) in paragraph at lines 3580--3581
[][] 
 []

[105]
Underfull \hbox (badness 10000) in paragraph at lines 3617--3618

 []


Overfull \hbox (40.27824pt too wide) in paragraph at lines 3655--3655
 []\OT1/cmtt/m/n/10 const int* pointsToInt = &hoursInDay; // OK! address can be changed but not the data.[] 
 []

[106] [107] [108] [109] [110] [111] [112] [113] [114] [115] [116] [117] [118] [119] [120]
Overfull \hbox (144.27715pt too wide) in paragraph at lines 4358--4358
 []\OT1/cmtt/m/n/10 const int& constRef = original; // think of (const belongs to const (int) &, so can't change reference value)[] 
 []

[121] [122] [123]
Underfull \hbox (badness 10000) in paragraph at lines 4470--4471

 []


Underfull \hbox (badness 10000) in paragraph at lines 4483--4484

 []


Underfull \hbox (badness 10000) in paragraph at lines 4487--4488

 []

[124]
Underfull \hbox (badness 10000) in paragraph at lines 4546--4547

 []

[125]
Underfull \hbox (badness 10000) in paragraph at lines 4587--4588

 []


Underfull \hbox (badness 10000) in paragraph at lines 4591--4592

 []


Underfull \hbox (badness 10000) in paragraph at lines 4595--4596

 []


Underfull \hbox (badness 10000) in paragraph at lines 4599--4600

 []

[126] [127]
Overfull \hbox (54.77406pt too wide) in paragraph at lines 4606--4607
[]\OT1/cmr/m/n/10 Thus far, we've learned [] and haven't dived into [].
 []

[128] [129] [130] [131] [132] [133] [134] [135] [136] [137] [138]
Overfull \hbox (25.12898pt too wide) in paragraph at lines 5158--5159
[]\OT1/cmr/m/n/10 For ex-am-ple, [][]\OT1/cmtt/m/n/10 Human::dateOfBirth []\OT1/cmr/m/n/10 is re-fer-ring to the \OT1/cmr/bx/n/10 vari-able [][]\OT1/cmtt/m/n/10 dateOfBirth []\OT1/cmr/m/n/10 de-clared $[]$
 []

[139] [140] [141] [142] [143] [144] [145]
Overfull \hbox (65.06793pt too wide) in paragraph at lines 5473--5474
[]\OT1/cmr/m/n/10 Such copies are [] and are a \OT1/cmr/bx/n/10 threat \OT1/cmr/m/n/10 to the sta-bil-ity of the pro-gram, as [] 
 []

[146] [147] [148]
Overfull \hbox (2.84114pt too wide) in paragraph at lines 5604--5606
[]\OT1/cmr/m/n/10 Yes, the [] in sev-eral sit-u-a-tions where an ob-ject is copied.
 []

[149]
Underfull \hbox (badness 2970) in paragraph at lines 5674--5675
[]\OT1/cmr/m/n/10 This would \OT1/cmr/bx/n/10 still \OT1/cmr/m/n/10 be a $[]$ be-cause you still haven't yet sup-plied a
 []

[150] [151] [152]
Overfull \hbox (39.21085pt too wide) in paragraph at lines 5826--5827
[]\OT1/cmr/m/n/10 To \OT1/cmr/bx/n/10 avoid \OT1/cmr/m/n/10 this per-for-mance bot-tle-neck, ver-sions of C++ start-ing with C++11 fea-ture a []
 []

[153] [154] [155] [156]
Overfull \hbox (54.45815pt too wide) in paragraph at lines 6013--6014
[]\OT1/cmr/m/n/10 Welcome to the con-cept of [] that uses [], a [],
 []

[157] [158] [159] [160] [161] [162] [163] [164] [165] [166] [167]
Overfull \hbox (33.08333pt too wide) in paragraph at lines 6578--6579
[]\OT1/cmr/m/n/10 The rule is waived for \OT1/cmr/bx/n/10 classes \OT1/cmr/m/n/10 and \OT1/cmr/bx/n/10 func-tions \OT1/cmr/m/n/10 that are dis-closed as [] or []
 []

[168] [169] [170] [171] [172]
Underfull \hbox (badness 10000) in paragraph at lines 6794--6795

 []


Underfull \hbox (badness 10000) in paragraph at lines 6798--6800

 []

[173] [174] [175] [176] [177] [178]
Overfull \hbox (35.71931pt too wide) in paragraph at lines 7038--7039
[]\OT1/cmr/m/n/10 In this [][]\OT1/cmtt/m/n/10 Fish []\OT1/cmr/m/n/10 now has a \OT1/cmr/bx/n/10 con-struc-tor \OT1/cmr/m/n/10 that takes a \OT1/cmr/bx/n/10 de-fault pa-ram-e-ter \OT1/cmr/m/n/10 ini-tialz-ing [][]\OT1/cmtt/m/n/10 Fish::isFreshWaterFish[]\OT1/cmr/m/n/10 . 
 []

[179] [180] [181] [182] [183] [184] [185] [186] [187] [188]
Overfull \hbox (11.36401pt too wide) in paragraph at lines 7463--7466
[][] \OT1/cmr/m/n/10 is an-other form of in-her-i-tance in which the in-her-ited [][]\OT1/cmtt/m/n/10 public []\OT1/cmr/m/n/10 and [][]\OT1/cmtt/m/n/10 protected
 []

[189] [190] [191] [192] [193] [194] [195]
Overfull \hbox (4.4615pt too wide) in paragraph at lines 7820--7821
[]\OT1/cmr/m/n/10 It is, how-ever, pos-si-ble that both [][]\OT1/cmtt/m/n/10 Tuna []\OT1/cmr/m/n/10 and [][]\OT1/cmtt/m/n/10 Carp []\OT1/cmr/m/n/10 pro-vide their \OT1/cmr/bx/n/10 own [][]\OT1/cmtt/m/n/10 Tuna::Swim() []\OT1/cmr/m/n/10 and [][]\OT1/cmtt/m/n/10 Carp::Swim()
 []


Overfull \hbox (10.64633pt too wide) in paragraph at lines 7824--7825
[][] 
 []

[196] [197] [198] [199] [200] [201] [202] [203] [204] [205] [206] [207] [208] [209] [210] [211] [212] [213]
Overfull \hbox (25.62637pt too wide) in paragraph at lines 8532--8533
[]\OT1/cmr/m/n/10 The [] 
 []

[214]
Overfull \hbox (13.02829pt too wide) in paragraph at lines 8552--8552
 []\OT1/cmtt/m/n/10 MyString sumThem (sayHello + sayWorld);   // if operator+ were supported by MyString[] 
 []

[215]
Overfull \hbox (18.4838pt too wide) in paragraph at lines 8578--8579
\OT1/cmr/m/n/10 pa-ram-e-ters, b/c the \OT1/cmr/bx/n/10 sin-gle pa-ram-e-ter \OT1/cmr/m/n/10 that it works upon is the $[]$: 
 []

[216] [217] [218]
Overfull \hbox (23.5282pt too wide) in paragraph at lines 8639--8639
 []\OT1/cmtt/m/n/10 error: binary '<<' : no operator found which takes a right-hand operand of type 'Date' 
 []


Overfull \hbox (18.62718pt too wide) in paragraph at lines 8715--8716
[][]\OT1/cmr/m/n/10 . 
 []

[219] [220]

Package hyperref Warning: Token not allowed in a PDF string (Unicode):
(hyperref)                removing `math shift' on input line 8722.


Package hyperref Warning: Token not allowed in a PDF string (Unicode):
(hyperref)                removing `math shift' on input line 8722.

[221] [222]
Overfull \hbox (6.87762pt too wide) in paragraph at lines 8773--8811
[][] 
 []

[223] [224] [225] [226] [227]

Package hyperref Warning: Token not allowed in a PDF string (Unicode):
(hyperref)                removing `math shift' on input line 8952.


Package hyperref Warning: Token not allowed in a PDF string (Unicode):
(hyperref)                removing `math shift' on input line 8952.


Package hyperref Warning: Token not allowed in a PDF string (Unicode):
(hyperref)                removing `math shift' on input line 8952.


Package hyperref Warning: Token not allowed in a PDF string (Unicode):
(hyperref)                removing `math shift' on input line 8952.


Package hyperref Warning: Token not allowed in a PDF string (Unicode):
(hyperref)                removing `math shift' on input line 8952.


Package hyperref Warning: Token not allowed in a PDF string (Unicode):
(hyperref)                removing `math shift' on input line 8952.


Package hyperref Warning: Token not allowed in a PDF string (Unicode):
(hyperref)                removing `math shift' on input line 8952.


Package hyperref Warning: Token not allowed in a PDF string (Unicode):
(hyperref)                removing `math shift' on input line 8952.

[228] [229] [230] [231] [232] [233] [234]
Overfull \hbox (65.52783pt too wide) in paragraph at lines 9205--9205
 []\OT1/cmtt/m/n/10 sayHelloAgain = Hello + World + CPP; // operator+, copy constructor, copy assignment operator=[] 
 []


Overfull \hbox (56.86061pt too wide) in paragraph at lines 9224--9225
[]\OT1/cmr/m/n/10 While mak-ing it easy to con-cate-nate the strings, the [] can cause $[]$ 
 []

[235] [236] [237] [238] [239] [240]
Overfull \hbox (4.11629pt too wide) in paragraph at lines 9456--9480
 [] 
 []

[241]
Overfull \hbox (2.77779pt too wide) in paragraph at lines 9520--9521
[][]\OT1/cmr/m/n/10 . 
 []

[242]
Overfull \hbox (35.52673pt too wide) in paragraph at lines 9547--9548
[]\OT1/cmr/m/n/10 The \OT1/cmr/bx/n/10 move as-sign-ment op-er-a-tor \OT1/cmr/m/n/10 is still called be-cause the fi-nal tem-po-rary re-sult of [][]\OT1/cmtt/m/n/10 Hello + World + CPP
 []

[243] [244]
Underfull \hbox (badness 10000) in paragraph at lines 9611--9612

 []


Overfull \hbox (6.87762pt too wide) in paragraph at lines 9613--9624
[][] 
 []

[245] [246] [247] [248] [249] [250] [251] [252] [253] [254] [255] [256] [257] [258] [259] [260] [261]
Overfull \hbox (21.84431pt too wide) in paragraph at lines 10094--10095
[]\OT1/cmr/m/n/10 Both these \OT1/cmr/bx/n/10 di-rec-tives \OT1/cmr/m/n/10 tell the \OT1/cmr/bx/n/10 pre-pro-ces-sor \OT1/cmr/m/n/10 to re-place ev-ery in-stance of the \OT1/cmr/bx/n/10 macro \OT1/cmr/m/n/10 (AR-RAY[]LENGTH
 []

[262]
Overfull \hbox (3.81192pt too wide) in paragraph at lines 10118--10119
[]\OT1/cmr/m/n/10 I am not go-ing over code for this triv-ial thing, but note that the \OT1/cmr/bx/n/10 pre-pro-ces-sor $[]$
 []

[263]
Overfull \hbox (7.55078pt too wide) in paragraph at lines 10126--10127
[]\OT1/cmr/m/n/10 C/C++ pro-gram-mers typ-i-cally $[]$ their classes and func-tions in [] fi-less called []. 
 []

[264]
Overfull \hbox (1.0918pt too wide) in paragraph at lines 10215--10216
[]\OT1/cmr/m/n/10 This mech-a-nism is sim-ply the $[]$
 []

[265] [266] [267] [268] [269] [270] [271] [272]
Overfull \hbox (5.0393pt too wide) in paragraph at lines 10500--10501
[]\OT1/cmr/m/n/10 With \OT1/cmr/bx/n/10 tem-plate classes\OT1/cmr/m/n/10 , $[]$, you need to $[]$, as shown in [] 
 []

[273] [274]
Overfull \hbox (5.57079pt too wide) in paragraph at lines 10523--10524
[]\OT1/cmr/bx/n/10 Template classes \OT1/cmr/m/n/10 are the \OT1/cmr/bx/n/10 tem-pla-tized ver-sions \OT1/cmr/m/n/10 of C++ classes. They are blueprints of blueprints. 
 []

[275] [276] [277] [278]

Package hyperref Warning: Token not allowed in a PDF string (Unicode):
(hyperref)                removing `math shift' on input line 10662.


Package hyperref Warning: Token not allowed in a PDF string (Unicode):
(hyperref)                removing `math shift' on input line 10662.

[279] [280]
Overfull \hbox (30.54453pt too wide) in paragraph at lines 10730--10731
[]\OT1/cmr/m/n/10 In \OT1/cmr/bx/n/10 les-son 9\OT1/cmr/m/n/10 , we've learned that \OT1/cmr/bx/n/10 declar-ing \OT1/cmr/m/n/10 a \OT1/cmr/bx/n/10 class mem-ber [][]\OT1/cmtt/m/n/10 static []\OT1/cmr/m/n/10 re-sults in the $[]$
 []


Overfull \hbox (41.78366pt too wide) in paragraph at lines 10734--10735
[]\OT1/cmr/m/n/10 It's sim-i-lar with a \OT1/cmr/bx/n/10 tem-plate class \OT1/cmr/m/n/10 too, save for the fact that a \OT1/cmr/bx/n/10 static mem-ber \OT1/cmr/m/n/10 is $[]$
 []

[281] [282] [283] [284] [285]
Overfull \hbox (48.89694pt too wide) in paragraph at lines 10980--10981
[]\OT1/cmr/bx/n/10 DON'T \OT1/cmr/m/n/10 for-get that a \OT1/cmr/bx/n/10 static mem-ber \OT1/cmr/m/n/10 con-tained within a \OT1/cmr/bx/n/10 tem-plate class \OT1/cmr/m/n/10 is \OT1/cmr/bx/n/10 static \OT1/cmr/m/n/10 for $[]$
 []

[286] (./notes.aux)
 ***********
LaTeX2e <2025-11-01>
L3 programming layer <2026-01-19>
 ***********


LaTeX Font Warning: Size substitutions with differences
(Font)              up to 1.0pt have occurred.


LaTeX Font Warning: Some font shapes were not available, defaults substituted.

Package rerunfilecheck Info: File `notes.out' has not changed.
(rerunfilecheck)             Checksum: 4C6977A99D56B0B76BDD23F706CFE140;50378.
 ) 
Here is how much of TeX's memory you used:
 24963 strings out of 469515
 467499 string characters out of 5470808
 868825 words of memory out of 5000000
 52632 multiletter control sequences out of 15000+600000
 636668 words of font info for 74 fonts, out of 8000000 for 9000
 14 hyphenation exceptions out of 8191
 98i,9n,118p,607b,890s stack positions out of 10000i,1000n,20000p,200000b,200000s
</usr/share/texmf-dist/fonts/type1/public/amsfonts/cm/cmbx10.pfb></usr/share/texmf-dist/fonts/type1/public/amsfonts/cm/cmbx12.pfb></usr/share/texmf-dist/fonts/type1/public/amsfonts/cm/cmbxti10.pfb></usr/share/texmf-dist/fonts/type1/public/amsfonts/cm/cmmi12.pfb></usr/share/texmf-dist/fonts/type1/public/amsfonts/cm/cmmi8.pfb></usr/share/texmf-dist/fonts/type1/public/amsfonts/cm/cmr10.pfb></usr/share/texmf-dist/fonts/type1/public/amsfonts/cm/cmr12.pfb></usr/share/texmf-dist/fonts/type1/public/amsfonts/cm/cmr17.pfb></usr/share/texmf-dist/fonts/type1/public/amsfonts/cm/cmr8.pfb></usr/share/texmf-dist/fonts/type1/public/amsfonts/cm/cmsy10.pfb></usr/share/texmf-dist/fonts/type1/public/amsfonts/cm/cmsy8.pfb></usr/share/texmf-dist/fonts/type1/public/amsfonts/cm/cmti10.pfb></usr/share/texmf-dist/fonts/type1/public/amsfonts/cm/cmtt10.pfb></usr/share/texmf-dist/fonts/type1/public/amsfonts/cm/cmtt12.pfb></usr/share/texmf-dist/fonts/type1/public/cm-super/sfrm1000.pfb></usr/share/texmf-dist/fonts/type1/public/cm-super/sftt1000.pfb>
Output written on notes.pdf (286 pages, 618312 bytes).
PDF statistics:
 2653 PDF objects out of 2984 (max. 8388607)
 2309 compressed objects within 24 object streams
 621 named destinations out of 1000 (max. 500000)
 1757 words of extra memory for PDF output out of 10000 (max. 10000000)

