\BOOKMARK [1][-]{section.1}{\376\377\000G\000e\000t\000t\000i\000n\000g\000\040\000S\000t\000a\000r\000t\000e\000d}{}% 1
\BOOKMARK [2][-]{subsection.1.1}{\376\377\000H\000i\000s\000t\000o\000r\000y\000\040\000o\000f\000\040\000C\000+\000+}{section.1}% 2
\BOOKMARK [2][-]{subsection.1.2}{\376\377\000P\000r\000o\000g\000r\000a\000m\000m\000i\000n\000g\000\040\000a\000\040\000C\000+\000+\000\040\000A\000p\000p\000l\000i\000c\000a\000t\000i\000o\000n}{section.1}% 3
\BOOKMARK [3][-]{subsubsection.1.2.1}{\376\377\000S\000t\000e\000p\000s\000\040\000t\000o\000\040\000G\000e\000n\000e\000r\000a\000t\000i\000n\000g\000\040\000a\000n\000\040\000E\000x\000e\000c\000u\000t\000a\000b\000l\000e}{subsection.1.2}% 4
\BOOKMARK [3][-]{subsubsection.1.2.2}{\376\377\000P\000r\000o\000g\000r\000a\000m\000m\000i\000n\000g\000\040\000Y\000o\000u\000r\000\040\000F\000i\000r\000s\000t\000\040\000C\000+\000+\000\040\000A\000p\000p\000l\000i\000c\000a\000t\000i\000o\000n}{subsection.1.2}% 5
\BOOKMARK [2][-]{subsection.1.3}{\376\377\000Q\000A}{section.1}% 6
\BOOKMARK [2][-]{subsection.1.4}{\376\377\000Q\000u\000i\000z}{section.1}% 7
\BOOKMARK [2][-]{subsection.1.5}{\376\377\000E\000x\000e\000r\000c\000i\000e\000s}{section.1}% 8
\BOOKMARK [1][-]{section.2}{\376\377\000T\000h\000e\000\040\000A\000n\000a\000t\000o\000m\000y\000\040\000o\000f\000\040\000a\000\040\000C\000+\000+\000\040\000P\000r\000o\000g\000r\000a\000m}{}% 9
\BOOKMARK [2][-]{subsection.2.1}{\376\377\000P\000a\000r\000t\000s\000\040\000o\000f\000\040\000t\000h\000e\000\040\000H\000e\000l\000l\000o\000\040\000W\000o\000r\000l\000d\000\040\000P\000r\000o\000g\000r\000a\000m}{section.2}% 10
\BOOKMARK [2][-]{subsection.2.2}{\376\377\000P\000r\000e\000p\000r\000o\000c\000e\000s\000s\000o\000r\000\040\000D\000i\000r\000e\000c\000t\000i\000v\000e\000\040\000\043\000i\000n\000c\000l\000u\000d\000e}{section.2}% 11
\BOOKMARK [2][-]{subsection.2.3}{\376\377\000T\000h\000e\000\040\000B\000o\000d\000y\000\040\000o\000f\000\040\000Y\000o\000u\000r\000\040\000P\000r\000o\000g\000r\000a\000m\000\040\000m\000a\000i\000n\000\050\000\051}{section.2}% 12
\BOOKMARK [2][-]{subsection.2.4}{\376\377\000R\000e\000t\000u\000r\000n\000i\000n\000g\000\040\000a\000\040\000V\000a\000l\000u\000e}{section.2}% 13
\BOOKMARK [2][-]{subsection.2.5}{\376\377\000N\000a\000m\000e\000s\000p\000a\000c\000e\000s}{section.2}% 14
\BOOKMARK [2][-]{subsection.2.6}{\376\377\000F\000u\000n\000c\000t\000i\000o\000n\000s\000\040\000i\000n\000\040\000C\000+\000+}{section.2}% 15
\BOOKMARK [2][-]{subsection.2.7}{\376\377\000B\000a\000s\000i\000c\000\040\000I\000n\000p\000u\000t\000\040\000U\000s\000i\000n\000g\000\040\000s\000t\000d\000:\000:\000c\000i\000n\000\040\000a\000n\000d\000\040\000O\000u\000t\000p\000u\000t\000\040\000u\000s\000i\000n\000g\000\040\000s\000t\000d\000:\000:\000c\000o\000u\000t}{section.2}% 16
\BOOKMARK [2][-]{subsection.2.8}{\376\377\000Q\000A}{section.2}% 17
\BOOKMARK [2][-]{subsection.2.9}{\376\377\000Q\000u\000i\000z}{section.2}% 18
\BOOKMARK [2][-]{subsection.2.10}{\376\377\000E\000x\000e\000r\000c\000i\000s\000e\000s}{section.2}% 19
\BOOKMARK [1][-]{section.3}{\376\377\000U\000s\000i\000n\000g\000\040\000V\000a\000r\000i\000a\000b\000l\000e\000s\000,\000\040\000D\000e\000c\000l\000a\000r\000i\000n\000g\000\040\000C\000o\000n\000s\000t\000a\000n\000t\000s}{}% 20
\BOOKMARK [2][-]{subsection.3.1}{\376\377\000W\000h\000a\000t\000\040\000I\000s\000\040\000a\000\040\000V\000a\000r\000i\000a\000b\000l\000e\000?}{section.3}% 21
\BOOKMARK [3][-]{subsubsection.3.1.1}{\376\377\000M\000e\000m\000o\000r\000y\000\040\000a\000n\000d\000\040\000A\000d\000d\000r\000e\000s\000s\000i\000n\000g}{subsection.3.1}% 22
\BOOKMARK [3][-]{subsubsection.3.1.2}{\376\377\000D\000e\000c\000l\000a\000r\000i\000n\000g\000\040\000V\000a\000r\000i\000a\000b\000l\000e\000s\000\040\000t\000o\000\040\000A\000c\000c\000e\000s\000s\000\040\000a\000n\000d\000\040\000U\000s\000e\000\040\000M\000e\000m\000o\000r\000y}{subsection.3.1}% 23
\BOOKMARK [3][-]{subsubsection.3.1.3}{\376\377\000D\000e\000c\000l\000a\000r\000i\000n\000g\000\040\000a\000n\000d\000\040\000I\000n\000i\000t\000i\000a\000l\000i\000z\000i\000n\000g\000\040\000M\000u\000l\000t\000i\000p\000l\000e\000\040\000V\000a\000r\000i\000a\000b\000l\000e\000s\000\040\000o\000f\000\040\000a\000\040\000T\000y\000p\000e}{subsection.3.1}% 24
\BOOKMARK [3][-]{subsubsection.3.1.4}{\376\377\000S\000c\000o\000p\000e\000\040\000o\000f\000\040\000a\000\040\000V\000a\000r\000i\000a\000b\000l\000e}{subsection.3.1}% 25
\BOOKMARK [3][-]{subsubsection.3.1.5}{\376\377\000G\000l\000o\000b\000a\000l\000\040\000V\000a\000r\000i\000a\000b\000l\000e\000s}{subsection.3.1}% 26
\BOOKMARK [2][-]{subsection.3.2}{\376\377\000C\000o\000m\000m\000o\000n\000\040\000C\000o\000m\000p\000i\000l\000e\000r\000-\000S\000u\000p\000p\000o\000r\000t\000e\000d\000\040\000C\000+\000+\000\040\000V\000a\000r\000i\000a\000b\000l\000e\000\040\000T\000y\000p\000e\000s}{section.3}% 27
\BOOKMARK [3][-]{subsubsection.3.2.1}{\376\377\000S\000i\000g\000n\000e\000d\000\040\000v\000s\000\040\000U\000n\000s\000i\000g\000n\000e\000d\000\040\000i\000n\000t\000e\000g\000e\000r\000s}{subsection.3.2}% 28
\BOOKMARK [3][-]{subsubsection.3.2.2}{\376\377\000S\000i\000g\000n\000e\000d\000\040\000i\000n\000t\000e\000g\000e\000r\000\040\000t\000y\000p\000e\000s\000:\000\040\000s\000h\000o\000r\000t\000,\000\040\000i\000n\000t\000,\000\040\000l\000o\000n\000g\000,\000\040\000a\000n\000d\000\040\000l\000o\000n\000g\000\040\000l\000o\000n\000g}{subsection.3.2}% 29
\BOOKMARK [3][-]{subsubsection.3.2.3}{\376\377\000U\000n\000s\000i\000g\000n\000e\000d\000\040\000i\000n\000t\000e\000g\000e\000r\000\040\000t\000y\000p\000e\000s\000:\000\040\000u\000n\000s\000i\000g\000n\000e\000d\000\040\000s\000h\000o\000r\000t\000,\000\040\000u\000n\000s\000i\000g\000n\000e\000d\000\040\000i\000n\000t\000,\000\040\000u\000n\000s\000i\000g\000n\000e\000d\000\040\000l\000o\000n\000g\000,\000\040\000u\000n\000s\000i\000g\000n\000e\000d\000\040\000l\000o\000n\000g\000\040\000l\000o\000n\000g}{subsection.3.2}% 30
\BOOKMARK [3][-]{subsubsection.3.2.4}{\376\377\000I\000n\000t\000e\000g\000e\000r\000\040\000O\000v\000e\000r\000f\000l\000o\000w}{subsection.3.2}% 31
\BOOKMARK [3][-]{subsubsection.3.2.5}{\376\377\000F\000l\000o\000a\000t\000i\000n\000g\000-\000P\000o\000i\000n\000t\000\040\000t\000y\000p\000e\000s\000\040\000f\000l\000o\000a\000t\000\040\000a\000n\000d\000\040\000d\000o\000u\000b\000l\000e}{subsection.3.2}% 32
\BOOKMARK [2][-]{subsection.3.3}{\376\377\000S\000i\000z\000e\000\040\000o\000f\000\040\000a\000\040\000V\000a\000r\000i\000a\000b\000l\000e\000\040\000u\000s\000i\000n\000g\000\040\000s\000i\000z\000e\000o\000f}{section.3}% 33
\BOOKMARK [2][-]{subsection.3.4}{\376\377\000A\000u\000t\000o\000m\000a\000t\000i\000c\000\040\000T\000y\000p\000e\000\040\000I\000n\000f\000e\000r\000e\000n\000c\000e\000\040\000U\000s\000i\000n\000g\000\040\000a\000u\000t\000o}{section.3}% 34
\BOOKMARK [2][-]{subsection.3.5}{\376\377\000t\000y\000p\000d\000e\000f\000\040\000a\000n\000d\000/\000o\000r\000\040\000u\000s\000i\000n\000g\000\040\000t\000o\000\040\000S\000u\000b\000s\000t\000i\000t\000u\000t\000e\000\040\000a\000\040\000V\000a\000r\000i\000a\000b\000l\000e\000'\000s\000\040\000T\000y\000p\000e}{section.3}% 35
\BOOKMARK [2][-]{subsection.3.6}{\376\377\000W\000h\000a\000t\000\040\000i\000s\000\040\000a\000\040\000C\000o\000n\000s\000t\000a\000n\000t\000?}{section.3}% 36
\BOOKMARK [3][-]{subsubsection.3.6.1}{\376\377\000L\000i\000t\000e\000r\000a\000l\000\040\000c\000o\000n\000s\000t\000a\000n\000t\000s}{subsection.3.6}% 37
\BOOKMARK [3][-]{subsubsection.3.6.2}{\376\377\000D\000e\000c\000l\000a\000r\000i\000n\000g\000\040\000V\000a\000r\000i\000a\000b\000l\000e\000s\000\040\000a\000s\000\040\000C\000o\000n\000s\000t\000a\000n\000t\000s\000\040\000U\000s\000i\000n\000g\000\040\000c\000o\000n\000s\000t}{subsection.3.6}% 38
\BOOKMARK [3][-]{subsubsection.3.6.3}{\376\377\000C\000o\000n\000s\000t\000a\000n\000t\000\040\000E\000x\000p\000r\000e\000s\000s\000i\000o\000n\000\040\000U\000s\000i\000n\000g\000\040\000c\000o\000n\000s\000t\000e\000x\000p\000r}{subsection.3.6}% 39
\BOOKMARK [3][-]{subsubsection.3.6.4}{\376\377\000E\000n\000u\000m\000e\000r\000a\000t\000i\000o\000n\000s}{subsection.3.6}% 40
\BOOKMARK [3][-]{subsubsection.3.6.5}{\376\377\000D\000e\000f\000i\000n\000i\000n\000g\000\040\000C\000o\000n\000s\000t\000a\000n\000t\000s\000\040\000U\000s\000i\000n\000g\000\040\000\043\000d\000e\000f\000i\000n\000e}{subsection.3.6}% 41
\BOOKMARK [2][-]{subsection.3.7}{\376\377\000K\000e\000y\000w\000o\000r\000d\000s\000\040\000t\000h\000a\000t\000\040\000C\000a\000n\000n\000o\000t\000\040\000b\000e\000\040\000U\000s\000e\000d\000\040\000a\000s\000\040\000V\000a\000r\000i\000a\000b\000l\000e\000\040\000o\000r\000\040\000C\000o\000n\000s\000t\000a\000n\000t\000\040\000N\000a\000m\000e\000s}{section.3}% 42
\BOOKMARK [2][-]{subsection.3.8}{\376\377\000Q\000A}{section.3}% 43
\BOOKMARK [2][-]{subsection.3.9}{\376\377\000Q\000u\000i\000z}{section.3}% 44
\BOOKMARK [1][-]{section.4}{\376\377\000M\000a\000n\000a\000g\000i\000n\000g\000\040\000A\000r\000r\000a\000y\000s\000\040\000a\000n\000d\000\040\000S\000t\000r\000i\000n\000g\000s}{}% 45
\BOOKMARK [2][-]{subsection.4.1}{\376\377\000W\000h\000a\000t\000\040\000i\000s\000\040\000a\000n\000\040\000A\000r\000r\000a\000y\000?}{section.4}% 46
\BOOKMARK [3][-]{subsubsection.4.1.1}{\376\377\000T\000h\000e\000\040\000N\000e\000e\000d\000\040\000f\000o\000r\000\040\000A\000r\000r\000a\000y\000s}{subsection.4.1}% 47
\BOOKMARK [3][-]{subsubsection.4.1.2}{\376\377\000H\000o\000w\000\040\000D\000a\000t\000a\000\040\000I\000s\000\040\000S\000t\000o\000r\000e\000d\000\040\000i\000n\000\040\000a\000n\000\040\000A\000r\000r\000a\000y}{subsection.4.1}% 48
\BOOKMARK [3][-]{subsubsection.4.1.3}{\376\377\000A\000c\000c\000e\000s\000s\000i\000n\000g\000\040\000D\000a\000t\000a\000\040\000S\000t\000o\000r\000e\000d\000\040\000i\000n\000\040\000a\000n\000\040\000A\000r\000r\000a\000y}{subsection.4.1}% 49
\BOOKMARK [3][-]{subsubsection.4.1.4}{\376\377\000M\000o\000d\000i\000f\000y\000i\000n\000g\000\040\000D\000a\000t\000a\000\040\000S\000t\000o\000r\000e\000d\000\040\000i\000n\000\040\000a\000n\000\040\000A\000r\000r\000a\000y}{subsection.4.1}% 50
\BOOKMARK [2][-]{subsection.4.2}{\376\377\000M\000u\000l\000t\000i\000d\000i\000m\000e\000n\000s\000i\000o\000n\000a\000l\000\040\000A\000r\000r\000a\000y\000s}{section.4}% 51
\BOOKMARK [2][-]{subsection.4.3}{\376\377\000D\000y\000n\000a\000m\000i\000c\000\040\000A\000r\000r\000a\000y\000s}{section.4}% 52
\BOOKMARK [2][-]{subsection.4.4}{\376\377\000C\000-\000s\000t\000y\000l\000e\000\040\000C\000h\000a\000r\000a\000c\000t\000e\000r\000\040\000S\000t\000r\000i\000n\000g\000s}{section.4}% 53
\BOOKMARK [3][-]{subsubsection.4.4.1}{\376\377\000D\000i\000f\000f\000e\000r\000e\000n\000c\000e\000\040\000b\000e\000t\000w\000e\000e\000n\000\040\000'\000\134\000n\000'\000\040\000a\000n\000d\000\040\000s\000t\000d\000:\000:\000e\000n\000d\000l}{subsection.4.4}% 54
\BOOKMARK [2][-]{subsection.4.5}{\376\377\000C\000+\000+\000\040\000S\000t\000r\000i\000n\000g\000s\000:\000\040\000s\000t\000d\000:\000:\000s\000t\000r\000i\000n\000g}{section.4}% 55
\BOOKMARK [2][-]{subsection.4.6}{\376\377\000Q\000A}{section.4}% 56
\BOOKMARK [2][-]{subsection.4.7}{\376\377\000Q\000u\000i\000z}{section.4}% 57
\BOOKMARK [1][-]{section.5}{\376\377\000W\000o\000r\000k\000i\000n\000g\000\040\000w\000i\000t\000h\000\040\000E\000x\000p\000r\000e\000s\000s\000i\000o\000n\000s\000,\000\040\000S\000t\000a\000t\000e\000m\000e\000n\000t\000s\000,\000\040\000a\000n\000d\000\040\000O\000p\000e\000r\000a\000t\000o\000r\000s}{}% 58
\BOOKMARK [2][-]{subsection.5.1}{\376\377\000S\000t\000a\000t\000e\000m\000e\000n\000t\000s}{section.5}% 59
\BOOKMARK [2][-]{subsection.5.2}{\376\377\000C\000o\000m\000p\000o\000u\000n\000d\000\040\000S\000t\000a\000t\000e\000m\000e\000n\000t\000s\000\040\000o\000r\000\040\000B\000l\000o\000c\000k\000s}{section.5}% 60
\BOOKMARK [2][-]{subsection.5.3}{\376\377\000U\000s\000i\000n\000g\000\040\000O\000p\000e\000r\000a\000t\000o\000r\000s}{section.5}% 61
\BOOKMARK [3][-]{subsubsection.5.3.1}{\376\377\000A\000s\000s\000i\000g\000n\000m\000e\000n\000t\000\040\000O\000p\000e\000r\000a\000t\000o\000r\000\040\000\050\000=\000\051}{subsection.5.3}% 62
\BOOKMARK [3][-]{subsubsection.5.3.2}{\376\377\000L\000-\000v\000a\000l\000e\000s\000\040\000a\000n\000d\000\040\000R\000-\000v\000a\000l\000u\000e\000s}{subsection.5.3}% 63
\BOOKMARK [3][-]{subsubsection.5.3.3}{\376\377\000O\000p\000e\000r\000a\000t\000o\000r\000s\000\040\000t\000o\000\040\000A\000d\000d\000\040\000\050\000+\000\051\000,\000\040\000S\000u\000b\000t\000r\000a\000c\000t\000\050\000-\000\051\000,\000\040\000M\000u\000l\000t\000i\000p\000l\000y\000\050\000*\000\040\000o\000r\000\040\000<\000<\000\051\000,\000\040\000D\000i\000v\000i\000d\000e\000\050\000/\000\040\000o\000r\000\040\000>\000>\000\051\000,\000\040\000a\000n\000d\000\040\000M\000o\000d\000u\000l\000o\000\050\000\045\000\051}{subsection.5.3}% 64
\BOOKMARK [3][-]{subsubsection.5.3.4}{\376\377\000O\000p\000e\000r\000a\000t\000o\000r\000s\000\040\000t\000o\000\040\000I\000n\000c\000r\000e\000m\000e\000n\000t\000\050\000+\000+\000\051\000\040\000a\000n\000d\000\040\000D\000e\000c\000r\000e\000m\000e\000n\000t\000\050\040\023\000\051}{subsection.5.3}% 65
\BOOKMARK [3][-]{subsubsection.5.3.5}{\376\377\000E\000q\000u\000a\000l\000i\000t\000y\000\040\000O\000p\000e\000r\000a\000t\000o\000r\000s\000\040\000\050\000=\000=\000\051\000\040\000a\000n\000d\000\040\000\050\000!\000=\000\051}{subsection.5.3}% 66
\BOOKMARK [3][-]{subsubsection.5.3.6}{\376\377\000R\000e\000l\000a\000t\000i\000o\000n\000a\000l\000\040\000O\000p\000e\000r\000a\000t\000o\000r\000s}{subsection.5.3}% 67
\BOOKMARK [3][-]{subsubsection.5.3.7}{\376\377\000L\000o\000g\000i\000c\000a\000l\000\040\000O\000p\000e\000r\000a\000t\000i\000o\000n\000s\000\040\000N\000O\000T\000,\000\040\000A\000N\000D\000,\000\040\000O\000R\000,\000\040\000a\000n\000d\000\040\000X\000O\000R}{subsection.5.3}% 68
\BOOKMARK [3][-]{subsubsection.5.3.8}{\376\377\000B\000i\000t\000w\000i\000s\000e\000\040\000O\000p\000e\000r\000a\000t\000o\000r\000s\000:\000\040\000N\000O\000T\000\040\000\050\000\051\003\003\000,\000\040\000A\000N\000D\000\040\000\050\000\046\000\051\000,\000\040\000O\000R\000\040\000\050\000|\000\051\000,\000\040\000X\000O\000R\000\040\000\050\000\051\003\002}{subsection.5.3}% 69
\BOOKMARK [3][-]{subsubsection.5.3.9}{\376\377\000B\000i\000t\000w\000i\000s\000e\000\040\000r\000i\000g\000h\000t\000\040\000s\000h\000i\000f\000t\000\040\000>\000>\000\040\000a\000n\000d\000\040\000l\000e\000f\000t\000\040\000s\000h\000i\000f\000t\000\040\000<\000<}{subsection.5.3}% 70
\BOOKMARK [3][-]{subsubsection.5.3.10}{\376\377\000C\000o\000m\000p\000o\000u\000n\000d\000\040\000A\000s\000s\000i\000g\000n\000m\000e\000n\000t\000\040\000O\000p\000e\000r\000a\000t\000o\000r\000s}{subsection.5.3}% 71
\BOOKMARK [3][-]{subsubsection.5.3.11}{\376\377\000U\000s\000i\000n\000g\000\040\000s\000i\000z\000e\000o\000f\000\040\000O\000p\000e\000r\000a\000t\000o\000r}{subsection.5.3}% 72
\BOOKMARK [3][-]{subsubsection.5.3.12}{\376\377\000O\000p\000e\000r\000a\000t\000o\000r\000\040\000P\000r\000e\000c\000e\000d\000e\000n\000c\000e}{subsection.5.3}% 73
\BOOKMARK [2][-]{subsection.5.4}{\376\377\000Q\000A}{section.5}% 74
\BOOKMARK [2][-]{subsection.5.5}{\376\377\000Q\000u\000i\000z}{section.5}% 75
\BOOKMARK [1][-]{section.6}{\376\377\000C\000o\000n\000t\000r\000o\000l\000l\000i\000n\000g\000\040\000P\000r\000o\000g\000r\000a\000m\000\040\000F\000l\000o\000w}{}% 76
\BOOKMARK [1][-]{section.7}{\376\377\000O\000r\000g\000a\000n\000i\000z\000i\000n\000g\000\040\000C\000o\000d\000e\000\040\000w\000i\000t\000h\000\040\000F\000u\000n\000c\000t\000i\000o\000n\000s}{}% 77
\BOOKMARK [1][-]{section.8}{\376\377\000P\000o\000i\000n\000t\000e\000r\000s\000\040\000a\000n\000d\000\040\000R\000e\000f\000e\000r\000e\000n\000c\000e\000s}{}% 78
\BOOKMARK [2][-]{subsection.8.1}{\376\377\000W\000h\000a\000t\000\040\000i\000s\000\040\000a\000\040\000P\000o\000i\000n\000t\000e\000r\000?}{section.8}% 79
\BOOKMARK [3][-]{subsubsection.8.1.1}{\376\377\000D\000e\000c\000l\000a\000r\000i\000n\000g\000\040\000a\000\040\000P\000o\000i\000n\000t\000e\000r}{subsection.8.1}% 80
\BOOKMARK [3][-]{subsubsection.8.1.2}{\376\377\000D\000e\000t\000e\000r\000m\000i\000n\000g\000\040\000t\000h\000e\000\040\000A\000d\000d\000r\000e\000s\000s\000\040\000o\000f\000\040\000a\000\040\000V\000a\000r\000i\000a\000b\000l\000e\000\040\000U\000s\000i\000n\000g\000\040\000t\000h\000e\000\040\000R\000e\000f\000e\000r\000e\000n\000c\000e\000\040\000O\000p\000e\000r\000a\000t\000o\000r\000\040\000\050\000\046\000\051}{subsection.8.1}% 81
\BOOKMARK [3][-]{subsubsection.8.1.3}{\376\377\000A\000c\000c\000e\000s\000s\000\040\000P\000o\000i\000n\000t\000e\000r\000\040\000D\000a\000t\000a\000\040\000U\000s\000i\000n\000g\000\040\000t\000h\000e\000\040\000D\000e\000r\000e\000f\000e\000r\000e\000n\000c\000e\000\040\000O\000p\000e\000r\000a\000t\000o\000r\000\040\000\050\000*\000\051}{subsection.8.1}% 82
\BOOKMARK [3][-]{subsubsection.8.1.4}{\376\377\000W\000h\000a\000t\000\040\000i\000s\000\040\000s\000i\000z\000e\000o\000f\000\050\000\051\000\040\000a\000\040\000P\000o\000i\000n\000t\000e\000r\000?}{subsection.8.1}% 83
\BOOKMARK [2][-]{subsection.8.2}{\376\377\000D\000y\000n\000a\000m\000i\000c\000\040\000M\000e\000m\000o\000r\000y\000\040\000A\000l\000l\000o\000c\000a\000t\000i\000o\000n}{section.8}% 84
\BOOKMARK [3][-]{subsubsection.8.2.1}{\376\377\000U\000s\000i\000n\000g\000\040\000n\000e\000w\000\040\000a\000n\000d\000\040\000d\000e\000l\000e\000t\000e\000\040\000o\000r\000\040\000d\000e\000l\000e\000t\000e\000[\000]}{subsection.8.2}% 85
\BOOKMARK [3][-]{subsubsection.8.2.2}{\376\377\000U\000s\000i\000n\000g\000\040\000m\000a\000l\000l\000o\000c\000,\000\040\000r\000e\000a\000l\000l\000o\000c\000,\000\040\000e\000t\000c\000\040\000a\000n\000d\000\040\000f\000r\000e\000e}{subsection.8.2}% 86
\BOOKMARK [3][-]{subsubsection.8.2.3}{\376\377\000O\000p\000e\000r\000a\000t\000o\000r\000s\000\040\000v\000s\000\040\000F\000u\000n\000c\000t\000i\000o\000n\000s\000\040\000v\000s\000\040\000c\000o\000n\000s\000t\000e\000x\000p\000r}{subsection.8.2}% 87
\BOOKMARK [3][-]{subsubsection.8.2.4}{\376\377\000O\000p\000e\000r\000a\000t\000o\000r\000\040\000O\000v\000e\000r\000l\000o\000a\000d\000i\000n\000g\000\040\000E\000x\000a\000m\000p\000l\000e\000s\000\040\000\050\000U\000n\000a\000r\000y\000,\000\040\000B\000i\000n\000a\000r\000y\000,\000\040\000a\000n\000d\000\040\000T\000e\000r\000n\000a\000r\000y\000-\000l\000i\000k\000e\000\051}{subsection.8.2}% 88
\BOOKMARK [3][-]{subsubsection.8.2.5}{\376\377\000I\000n\000c\000r\000e\000m\000e\000n\000t\000i\000n\000g\000\040\000\050\000+\000+\000\051\000\040\000a\000n\000d\000\040\000D\000e\000c\000r\000e\000m\000e\000n\000t\000i\000n\000g\000\040\000\050\040\023\000\040\000o\000n\000\040\000P\000o\000i\000n\000t\000e\000r\000s\000\051}{subsection.8.2}% 89
\BOOKMARK [3][-]{subsubsection.8.2.6}{\376\377\000U\000s\000i\000n\000g\000\040\000t\000h\000e\000\040\000c\000o\000n\000s\000t\000\040\000k\000e\000y\000w\000o\000r\000d\000\040\000o\000n\000\040\000P\000o\000i\000n\000t\000e\000r\000s}{subsection.8.2}% 90
\BOOKMARK [3][-]{subsubsection.8.2.7}{\376\377\000P\000a\000s\000s\000i\000n\000g\000\040\000b\000y\000\040\000r\000e\000f\000\040\000C\000\040\000v\000s\000\040\000C\000+\000+}{subsection.8.2}% 91
\BOOKMARK [3][-]{subsubsection.8.2.8}{\376\377\000C\000l\000a\000r\000i\000f\000i\000c\000a\000t\000i\000o\000n\000\040\000f\000o\000r\000\040\000p\000o\000i\000n\000t\000e\000r\000\040\000d\000e\000c\000l\000a\000r\000a\000t\000i\000o\000n\000s}{subsection.8.2}% 92
\BOOKMARK [3][-]{subsubsection.8.2.9}{\376\377\000P\000a\000s\000s\000i\000n\000g\000\040\000P\000o\000i\000n\000t\000e\000r\000s\000\040\000t\000o\000\040\000F\000u\000n\000c\000t\000i\000o\000n\000s}{subsection.8.2}% 93
\BOOKMARK [3][-]{subsubsection.8.2.10}{\376\377\000P\000o\000i\000n\000t\000e\000r\000s\000\040\000i\000n\000\040\000S\000t\000a\000t\000i\000c\000\040\000v\000s\000\040\000D\000y\000n\000a\000m\000i\000c\000\040\000M\000e\000m\000o\000r\000y}{subsection.8.2}% 94
\BOOKMARK [2][-]{subsection.8.3}{\376\377\000C\000o\000m\000m\000o\000n\000\040\000P\000r\000o\000g\000r\000a\000m\000m\000i\000n\000g\000\040\000M\000i\000s\000t\000a\000k\000e\000s\000\040\000w\000h\000e\000n\000\040\000u\000s\000i\000n\000g\000\040\000P\000o\000i\000n\000t\000e\000r\000s}{section.8}% 95
\BOOKMARK [2][-]{subsection.8.4}{\376\377\000R\000e\000f\000e\000r\000e\000n\000c\000e\000s}{section.8}% 96
\BOOKMARK [3][-]{subsubsection.8.4.1}{\376\377\000R\000e\000f\000e\000r\000e\000n\000c\000e\000s\000\040\000a\000s\000\040\000F\000u\000n\000c\000t\000i\000o\000n\000\040\000P\000a\000r\000a\000m\000e\000t\000e\000r\000s}{subsection.8.4}% 97
\BOOKMARK [3][-]{subsubsection.8.4.2}{\376\377\000R\000e\000f\000e\000r\000e\000n\000c\000e\000s\000\040\000v\000s\000\040\000P\000o\000i\000n\000t\000e\000r\000s\000\040\000a\000s\000\040\000F\000u\000n\000c\000t\000i\000o\000n\000\040\000A\000r\000g\000u\000m\000e\000n\000t\000s}{subsection.8.4}% 98
\BOOKMARK [3][-]{subsubsection.8.4.3}{\376\377\000U\000s\000i\000n\000g\000\040\000c\000o\000n\000s\000t\000\040\000o\000n\000\040\000R\000e\000f\000e\000r\000e\000n\000c\000e\000s}{subsection.8.4}% 99
\BOOKMARK [3][-]{subsubsection.8.4.4}{\376\377\000E\000x\000t\000e\000n\000d\000e\000d\000:\000\040\000U\000s\000i\000n\000g\000\040\000c\000o\000n\000s\000t\000\040\000w\000i\000t\000h\000\040\000R\000e\000f\000e\000r\000e\000n\000c\000e\000s}{subsection.8.4}% 100
\BOOKMARK [3][-]{subsubsection.8.4.5}{\376\377\000D\000e\000f\000i\000n\000i\000t\000i\000o\000n\000\040\000o\000f\000\040\000R\000e\000f\000e\000r\000e\000n\000c\000e\000\040\000i\000n\000\040\000C\000+\000+\000\040\000a\000n\000d\000\040\000w\000h\000y\000\040\000i\000t\000'\000s\000\040\000n\000o\000t\000\040\000v\000a\000l\000i\000d\000\040\000i\000n\000\040\000C}{subsection.8.4}% 101
\BOOKMARK [3][-]{subsubsection.8.4.6}{\376\377\000Q\000A}{subsection.8.4}% 102
\BOOKMARK [3][-]{subsubsection.8.4.7}{\376\377\000Q\000u\000i\000z}{subsection.8.4}% 103
\BOOKMARK [1][-]{section.9}{\376\377\000C\000l\000a\000s\000s\000e\000s\000\040\000a\000n\000d\000\040\000O\000b\000j\000e\000c\000t\000s}{}% 104
\BOOKMARK [2][-]{subsection.9.1}{\376\377\000C\000l\000a\000s\000s\000e\000s}{section.9}% 105
\BOOKMARK [3][-]{subsubsection.9.1.1}{\376\377\000A\000n\000\040\000O\000b\000j\000e\000c\000t\000\040\000a\000s\000\040\000a\000n\000\040\000I\000n\000s\000t\000a\000n\000c\000e\000\040\000o\000f\000\040\000a\000\040\000C\000l\000a\000s\000s}{subsection.9.1}% 106
\BOOKMARK [3][-]{subsubsection.9.1.2}{\376\377\000A\000c\000c\000e\000s\000s\000i\000n\000g\000\040\000M\000e\000m\000b\000e\000r\000s\000\040\000U\000s\000i\000n\000g\000\040\000t\000h\000e\000\040\000D\000o\000t\000\040\000O\000p\000e\000r\000a\000t\000o\000r\000\040\000\050\000.\000\051}{subsection.9.1}% 107
\BOOKMARK [3][-]{subsubsection.9.1.3}{\376\377\000A\000c\000c\000e\000s\000s\000i\000n\000g\000\040\000M\000e\000m\000b\000e\000r\000s\000\040\000U\000s\000i\000n\000g\000\040\000t\000h\000e\000\040\000P\000o\000i\000n\000t\000e\000r\000\040\000O\000p\000e\000r\000a\000t\000o\000r\000\040\000\050\000-\000>\000\051}{subsection.9.1}% 108
\BOOKMARK [3][-]{subsubsection.9.1.4}{\376\377\000C\000l\000a\000s\000s\000\040\000v\000s\000\040\000S\000t\000r\000u\000c\000t}{subsection.9.1}% 109
\BOOKMARK [3][-]{subsubsection.9.1.5}{\376\377\000D\000i\000f\000f\000e\000r\000e\000n\000t\000\040\000W\000a\000y\000s\000\040\000t\000o\000\040\000D\000e\000c\000l\000a\000r\000e\000\040\000a\000\040\000s\000t\000r\000u\000c\000t}{subsection.9.1}% 110
\BOOKMARK [3][-]{subsubsection.9.1.6}{\376\377\000P\000u\000b\000l\000i\000c\000,\000\040\000P\000r\000i\000v\000a\000t\000e\000,\000\040\000P\000r\000o\000t\000e\000c\000t\000e\000d\000,\000\040\000F\000r\000i\000e\000n\000d\000\040\000i\000n\000\040\000C\000+\000+}{subsection.9.1}% 111
\BOOKMARK [3][-]{subsubsection.9.1.7}{\376\377\000T\000h\000i\000s\000\040\000K\000e\000y\000w\000o\000r\000d}{subsection.9.1}% 112
\BOOKMARK [3][-]{subsubsection.9.1.8}{\376\377\000S\000t\000a\000t\000i\000c\000\040\000V\000a\000r\000i\000a\000b\000l\000e\000s\000\040\000i\000n\000\040\000C\000l\000a\000s\000s\000e\000s}{subsection.9.1}% 113
\BOOKMARK [2][-]{subsection.9.2}{\376\377\000C\000o\000n\000s\000t\000r\000u\000c\000t\000o\000r\000s}{section.9}% 114
\BOOKMARK [3][-]{subsubsection.9.2.1}{\376\377\000D\000e\000c\000l\000a\000r\000i\000n\000g\000\040\000a\000n\000d\000\040\000I\000m\000p\000l\000e\000m\000e\000n\000t\000i\000n\000g\000\040\000a\000\040\000C\000o\000n\000s\000t\000r\000u\000c\000t\000o\000r}{subsection.9.2}% 115
\BOOKMARK [3][-]{subsubsection.9.2.2}{\376\377\000W\000h\000e\000n\000\040\000a\000n\000d\000\040\000H\000o\000w\000\040\000t\000o\000\040\000U\000s\000e\000\040\000C\000o\000n\000s\000t\000r\000u\000c\000t\000o\000r\000s}{subsection.9.2}% 116
\BOOKMARK [3][-]{subsubsection.9.2.3}{\376\377\000O\000v\000e\000r\000l\000o\000a\000d\000i\000n\000g\000\040\000C\000o\000n\000s\000t\000r\000u\000c\000t\000o\000r\000s}{subsection.9.2}% 117
\BOOKMARK [3][-]{subsubsection.9.2.4}{\376\377\000C\000l\000a\000s\000s\000\040\000W\000i\000t\000h\000o\000u\000t\000\040\000a\000\040\000D\000e\000f\000a\000u\000l\000t\000\040\000C\000o\000n\000s\000t\000r\000u\000c\000t\000o\000r}{subsection.9.2}% 118
\BOOKMARK [3][-]{subsubsection.9.2.5}{\376\377\000C\000o\000n\000s\000t\000r\000u\000c\000t\000o\000r\000\040\000P\000a\000r\000a\000m\000e\000t\000e\000r\000s\000\040\000w\000i\000t\000h\000\040\000D\000e\000f\000a\000u\000l\000t\000\040\000V\000a\000l\000u\000e\000s}{subsection.9.2}% 119
\BOOKMARK [3][-]{subsubsection.9.2.6}{\376\377\000C\000o\000n\000s\000t\000r\000u\000c\000t\000o\000r\000s\000\040\000w\000i\000t\000h\000\040\000I\000n\000i\000t\000i\000a\000l\000i\000z\000a\000t\000i\000o\000n\000\040\000L\000i\000s\000t\000s}{subsection.9.2}% 120
\BOOKMARK [2][-]{subsection.9.3}{\376\377\000D\000e\000s\000t\000r\000u\000c\000t\000o\000r}{section.9}% 121
\BOOKMARK [3][-]{subsubsection.9.3.1}{\376\377\000D\000e\000c\000l\000a\000r\000i\000n\000g\000\040\000a\000n\000d\000\040\000I\000m\000p\000l\000e\000m\000e\000n\000t\000i\000n\000g\000\040\000a\000\040\000D\000e\000s\000t\000r\000u\000c\000t\000o\000r}{subsection.9.3}% 122
\BOOKMARK [3][-]{subsubsection.9.3.2}{\376\377\000W\000h\000e\000n\000\040\000a\000n\000d\000\040\000H\000o\000w\000\040\000t\000o\000\040\000U\000s\000e\000\040\000a\000\040\000D\000e\000s\000t\000r\000u\000c\000t\000o\000r}{subsection.9.3}% 123
\BOOKMARK [2][-]{subsection.9.4}{\376\377\000C\000o\000p\000y\000\040\000C\000o\000n\000s\000t\000r\000u\000c\000t\000o\000r\000s}{section.9}% 124
\BOOKMARK [3][-]{subsubsection.9.4.1}{\376\377\000S\000h\000a\000l\000l\000o\000w\000\040\000C\000o\000p\000y\000i\000n\000g\000\040\000a\000n\000d\000\040\000A\000s\000s\000o\000c\000i\000a\000t\000e\000d\000\040\000P\000r\000o\000b\000l\000e\000m\000s}{subsection.9.4}% 125
\BOOKMARK [3][-]{subsubsection.9.4.2}{\376\377\000E\000n\000s\000u\000r\000i\000n\000g\000\040\000D\000e\000e\000p\000\040\000C\000o\000p\000y\000\040\000U\000s\000i\000n\000g\000\040\000a\000\040\000C\000o\000p\000y\000\040\000C\000o\000n\000s\000t\000r\000u\000c\000t\000o\000r}{subsection.9.4}% 126
\BOOKMARK [3][-]{subsubsection.9.4.3}{\376\377\000E\000x\000p\000l\000i\000c\000i\000t\000\040\000k\000e\000y\000w\000o\000r\000d}{subsection.9.4}% 127
\BOOKMARK [3][-]{subsubsection.9.4.4}{\376\377\000M\000o\000v\000e\000\040\000C\000o\000n\000s\000t\000r\000u\000c\000t\000o\000r\000s\000\040\000H\000e\000l\000p\000\040\000I\000m\000p\000r\000o\000v\000e\000\040\000P\000e\000r\000f\000o\000r\000m\000a\000n\000c\000e}{subsection.9.4}% 128
\BOOKMARK [2][-]{subsection.9.5}{\376\377\000D\000i\000f\000f\000e\000r\000e\000n\000t\000\040\000U\000s\000e\000s\000\040\000o\000f\000\040\000C\000o\000n\000s\000t\000r\000u\000c\000t\000o\000r\000s\000\040\000a\000n\000d\000\040\000D\000e\000s\000t\000r\000u\000c\000t\000o\000r\000s}{section.9}% 129
\BOOKMARK [3][-]{subsubsection.9.5.1}{\376\377\000C\000l\000a\000s\000s\000\040\000T\000h\000a\000t\000\040\000D\000o\000e\000s\000\040\000N\000o\000t\000\040\000P\000e\000r\000m\000i\000t\000\040\000C\000o\000p\000y\000i\000n\000g}{subsection.9.5}% 130
\BOOKMARK [3][-]{subsubsection.9.5.2}{\376\377\000S\000i\000n\000g\000l\000e\000t\000o\000n\000\040\000C\000l\000a\000s\000s\000\040\000T\000h\000a\000t\000\040\000P\000e\000r\000m\000i\000t\000s\000\040\000a\000\040\000S\000i\000n\000g\000l\000e\000\040\000I\000n\000s\000t\000a\000n\000c\000e}{subsection.9.5}% 131
\BOOKMARK [2][-]{subsection.9.6}{\376\377\000C\000l\000a\000s\000s\000\040\000T\000h\000a\000t\000\040\000P\000r\000o\000h\000i\000b\000t\000s\000\040\000I\000n\000s\000t\000a\000n\000t\000i\000a\000t\000i\000o\000n\000\040\000o\000n\000\040\000t\000h\000e\000\040\000S\000t\000a\000c\000k}{section.9}% 132
\BOOKMARK [3][-]{subsubsection.9.6.1}{\376\377\000U\000s\000i\000n\000g\000\040\000C\000o\000n\000s\000t\000r\000u\000c\000t\000o\000r\000s\000\040\000t\000o\000\040\000C\000o\000n\000v\000e\000r\000t\000\040\000T\000y\000p\000e\000s}{subsection.9.6}% 133
\BOOKMARK [2][-]{subsection.9.7}{\376\377\000s\000i\000z\000e\000o\000f\000\050\000\051\000\040\000a\000\040\000C\000l\000a\000s\000s}{section.9}% 134
\BOOKMARK [2][-]{subsection.9.8}{\376\377\000H\000o\000w\000\040\000s\000t\000r\000u\000c\000t\000\040\000d\000i\000f\000f\000e\000r\000s\000\040\000f\000r\000o\000m\000\040\000c\000l\000a\000s\000s}{section.9}% 135
\BOOKMARK [2][-]{subsection.9.9}{\376\377\000D\000e\000c\000l\000a\000r\000i\000n\000g\000\040\000a\000\040\000'\000f\000r\000i\000e\000n\000d\000'\000\040\000o\000f\000\040\000a\000\040\000c\000l\000a\000s\000s}{section.9}% 136
\BOOKMARK [2][-]{subsection.9.10}{\376\377\000u\000n\000i\000o\000n\000:\000\040\000A\000\040\000S\000p\000e\000c\000i\000a\000l\000\040\000D\000a\000t\000a\000\040\000S\000t\000o\000r\000a\000g\000e\000\040\000M\000e\000c\000h\000a\000n\000i\000s\000m}{section.9}% 137
\BOOKMARK [2][-]{subsection.9.11}{\376\377\000U\000s\000i\000n\000g\000\040\000A\000g\000g\000r\000e\000g\000a\000t\000e\000\040\000I\000n\000i\000t\000i\000a\000l\000i\000z\000a\000t\000i\000o\000n\000\040\000o\000n\000\040\000C\000l\000a\000s\000s\000e\000s\000\040\000a\000n\000d\000\040\000S\000t\000r\000u\000c\000t\000s}{section.9}% 138
\BOOKMARK [2][-]{subsection.9.12}{\376\377\000c\000o\000n\000s\000t\000e\000x\000p\000r\000\040\000w\000i\000t\000h\000\040\000C\000l\000a\000s\000s\000e\000s\000\040\000a\000n\000d\000\040\000O\000b\000j\000e\000c\000t\000s}{section.9}% 139
\BOOKMARK [2][-]{subsection.9.13}{\376\377\000Q\000A}{section.9}% 140
\BOOKMARK [2][-]{subsection.9.14}{\376\377\000Q\000u\000i\000z}{section.9}% 141
\BOOKMARK [1][-]{section.10}{\376\377\000I\000m\000p\000l\000e\000m\000e\000n\000t\000i\000n\000g\000\040\000I\000n\000h\000e\000r\000i\000t\000a\000n\000c\000e}{}% 142
\BOOKMARK [2][-]{subsection.10.1}{\376\377\000B\000a\000s\000i\000c\000s\000\040\000o\000f\000\040\000I\000n\000h\000e\000r\000i\000t\000a\000n\000c\000e}{section.10}% 143
\BOOKMARK [3][-]{subsubsection.10.1.1}{\376\377\000A\000c\000c\000e\000s\000s\000\040\000s\000p\000e\000c\000i\000f\000i\000c\000\040\000k\000e\000y\000w\000o\000r\000d\000\040\000p\000r\000o\000t\000e\000c\000t\000e\000d}{subsection.10.1}% 144
\BOOKMARK [3][-]{subsubsection.10.1.2}{\376\377\000B\000a\000s\000e\000\040\000C\000l\000a\000s\000s\000\040\000I\000n\000i\000t\000i\000a\000l\000i\000a\000t\000i\000o\000n\000\040\040\024\000\040\000P\000a\000s\000s\000i\000n\000g\000\040\000P\000a\000r\000a\000m\000e\000t\000e\000r\000s\000\040\000t\000o\000\040\000t\000h\000e\000\040\000B\000a\000s\000e\000\040\000C\000l\000a\000s\000s}{subsection.10.1}% 145
\BOOKMARK [3][-]{subsubsection.10.1.3}{\376\377\000D\000e\000r\000i\000v\000e\000d\000\040\000C\000l\000a\000s\000s\000\040\000O\000v\000e\000r\000r\000i\000d\000i\000n\000g\000\040\000B\000a\000s\000e\000\040\000C\000l\000a\000s\000s\000'\000s\000\040\000M\000e\000t\000h\000o\000d\000s}{subsection.10.1}% 146
\BOOKMARK [3][-]{subsubsection.10.1.4}{\376\377\000I\000n\000v\000o\000k\000i\000n\000g\000\040\000O\000v\000e\000r\000r\000i\000d\000e\000n\000\040\000M\000e\000t\000h\000o\000d\000s\000\040\000o\000f\000\040\000a\000\040\000B\000a\000s\000e\000\040\000C\000l\000a\000s\000s}{subsection.10.1}% 147
\BOOKMARK [3][-]{subsubsection.10.1.5}{\376\377\000D\000e\000r\000i\000v\000e\000d\000\040\000C\000l\000a\000s\000s\000\040\000H\000i\000d\000i\000n\000g\000\040\000B\000a\000s\000e\000\040\000C\000l\000a\000s\000s\000'\000s\000\040\000M\000e\000t\000h\000o\000d\000s}{subsection.10.1}% 148
\BOOKMARK [2][-]{subsection.10.2}{\376\377\000O\000r\000d\000e\000r\000\040\000o\000f\000\040\000C\000o\000n\000s\000t\000r\000u\000c\000t\000i\000o\000n}{section.10}% 149
\BOOKMARK [2][-]{subsection.10.3}{\376\377\000O\000r\000d\000e\000r\000\040\000o\000f\000\040\000D\000e\000s\000t\000r\000u\000c\000t\000i\000o\000n}{section.10}% 150
\BOOKMARK [2][-]{subsection.10.4}{\376\377\000P\000r\000i\000v\000a\000t\000e\000\040\000I\000n\000h\000e\000r\000i\000t\000a\000n\000c\000e}{section.10}% 151
\BOOKMARK [2][-]{subsection.10.5}{\376\377\000C\000o\000m\000p\000o\000s\000i\000t\000i\000o\000n\000\040\000\050\000s\000i\000d\000e\000\040\000n\000o\000t\000e\000\051}{section.10}% 152
\BOOKMARK [2][-]{subsection.10.6}{\376\377\000P\000r\000o\000t\000e\000c\000t\000e\000d\000\040\000I\000n\000h\000e\000r\000i\000t\000a\000n\000c\000e}{section.10}% 153
\BOOKMARK [2][-]{subsection.10.7}{\376\377\000M\000u\000l\000t\000i\000p\000l\000e\000\040\000I\000n\000h\000e\000r\000i\000t\000a\000n\000c\000e}{section.10}% 154
\BOOKMARK [2][-]{subsection.10.8}{\376\377\000A\000v\000o\000i\000d\000\040\000I\000n\000h\000e\000r\000i\000t\000a\000n\000c\000e\000\040\000v\000i\000a\000\040\000f\000i\000n\000a\000l}{section.10}% 155
\BOOKMARK [1][-]{section.11}{\376\377\000P\000o\000l\000y\000m\000o\000r\000p\000h\000i\000s\000m}{}% 156
\BOOKMARK [2][-]{subsection.11.1}{\376\377\000B\000a\000s\000i\000c\000s\000\040\000o\000f\000\040\000P\000o\000l\000y\000m\000o\000r\000p\000h\000i\000s\000m}{section.11}% 157
\BOOKMARK [3][-]{subsubsection.11.1.1}{\376\377\000N\000e\000e\000d\000\040\000f\000o\000r\000\040\000P\000o\000l\000y\000m\000o\000r\000p\000h\000i\000c\000\040\000B\000e\000h\000a\000v\000i\000o\000r}{subsection.11.1}% 158
\BOOKMARK [3][-]{subsubsection.11.1.2}{\376\377\000P\000o\000l\000y\000m\000o\000r\000p\000h\000i\000c\000\040\000B\000e\000h\000a\000v\000i\000o\000r\000\040\000I\000m\000p\000l\000e\000m\000e\000n\000t\000e\000d\000\040\000U\000s\000i\000n\000g\000\040\000V\000i\000r\000t\000u\000a\000l\000\040\000F\000u\000n\000c\000t\000i\000o\000n\000s}{subsection.11.1}% 159
\BOOKMARK [3][-]{subsubsection.11.1.3}{\376\377\000N\000e\000e\000d\000\040\000F\000o\000r\000\040\000V\000i\000r\000t\000u\000a\000l\000\040\000D\000e\000s\000t\000r\000u\000c\000t\000o\000r\000s}{subsection.11.1}% 160
\BOOKMARK [3][-]{subsubsection.11.1.4}{\376\377\000H\000o\000w\000\040\000d\000o\000\040\000V\000i\000r\000t\000u\000a\000l\000\040\000F\000u\000n\000c\000t\000i\000o\000n\000s\000\040\000W\000o\000r\000k\000?\000\040\040\024\000\040\000T\000h\000e\000\040\000V\000i\000r\000t\000u\000a\000l\000\040\000F\000u\000n\000c\000t\000i\000o\000n\000\040\000T\000a\000b\000l\000e\000\040\000\050\000v\000t\000a\000b\000l\000e\000\051}{subsection.11.1}% 161
\BOOKMARK [2][-]{subsection.11.2}{\376\377\000A\000b\000s\000t\000r\000a\000c\000t\000\040\000B\000a\000s\000e\000\040\000C\000l\000a\000s\000s\000e\000s\000\040\000a\000n\000d\000\040\000P\000u\000r\000e\000\040\000V\000i\000r\000t\000u\000a\000l\000\040\000F\000u\000n\000c\000t\000i\000o\000n\000s}{section.11}% 162
\BOOKMARK [2][-]{subsection.11.3}{\376\377\000U\000s\000i\000n\000g\000\040\000'\000v\000i\000r\000t\000u\000a\000l\000'\000\040\000I\000n\000h\000e\000r\000i\000t\000a\000n\000c\000e\000\040\000t\000o\000\040\000S\000o\000l\000v\000e\000\040\000t\000h\000e\000\040\000D\000i\000a\000m\000o\000n\000d\000\040\000P\000r\000o\000b\000l\000e\000m}{section.11}% 163
\BOOKMARK [2][-]{subsection.11.4}{\376\377\000S\000p\000e\000c\000i\000f\000i\000e\000r\000\040\000'\000o\000v\000e\000r\000r\000i\000d\000e\000'\000\040\000t\000o\000\040\000I\000n\000d\000i\000c\000a\000t\000e\000\040\000I\000n\000t\000e\000n\000t\000i\000o\000n\000\040\000t\000o\000\040\000O\000v\000e\000r\000r\000i\000d\000e}{section.11}% 164
\BOOKMARK [2][-]{subsection.11.5}{\376\377\000U\000s\000i\000n\000g\000\040\000'\000f\000i\000n\000a\000l\000'\000\040\000t\000o\000\040\000P\000r\000e\000v\000e\000n\000t\000\040\000F\000u\000n\000c\000t\000i\000o\000n\000\040\000O\000v\000e\000r\000r\000i\000d\000i\000n\000g}{section.11}% 165
\BOOKMARK [2][-]{subsection.11.6}{\376\377\000V\000i\000r\000t\000u\000a\000l\000\040\000C\000o\000p\000y\000\040\000C\000o\000n\000s\000t\000r\000u\000c\000t\000o\000r\000s\000?}{section.11}% 166
\BOOKMARK [2][-]{subsection.11.7}{\376\377\000Q\000A}{section.11}% 167
\BOOKMARK [2][-]{subsection.11.8}{\376\377\000Q\000u\000i\000z}{section.11}% 168
\BOOKMARK [1][-]{section.12}{\376\377\000O\000p\000e\000r\000a\000t\000o\000r\000\040\000T\000y\000p\000e\000s\000\040\000a\000n\000d\000\040\000O\000p\000e\000r\000a\000t\000o\000r\000\040\000O\000v\000e\000r\000l\000o\000a\000d\000i\000n\000g}{}% 169
\BOOKMARK [2][-]{subsection.12.1}{\376\377\000W\000h\000a\000t\000\040\000a\000r\000e\000\040\000O\000p\000e\000r\000a\000t\000o\000r\000s\000\040\000i\000n\000\040\000C\000+\000+\000?}{section.12}% 170
\BOOKMARK [2][-]{subsection.12.2}{\376\377\000U\000n\000a\000r\000y\000\040\000O\000p\000e\000r\000a\000t\000o\000r\000s}{section.12}% 171
\BOOKMARK [3][-]{subsubsection.12.2.1}{\376\377\000T\000y\000p\000e\000s\000\040\000o\000f\000\040\000U\000n\000a\000r\000y\000\040\000O\000p\000e\000r\000a\000t\000o\000r\000s}{subsection.12.2}% 172
\BOOKMARK [3][-]{subsubsection.12.2.2}{\376\377\000P\000r\000o\000g\000r\000a\000m\000m\000i\000n\000g\000\040\000a\000\040\000U\000n\000a\000r\000y\000\040\000I\000n\000c\000r\000e\000m\000e\000n\000t\000/\000D\000e\000c\000r\000e\000m\000e\000n\000t\000\040\000O\000p\000e\000r\000a\000t\000o\000r}{subsection.12.2}% 173
\BOOKMARK [3][-]{subsubsection.12.2.3}{\376\377\000P\000r\000o\000g\000r\000a\000m\000m\000i\000n\000g\000\040\000C\000o\000n\000v\000e\000r\000s\000i\000o\000n\000\040\000O\000p\000e\000r\000a\000t\000o\000r\000s}{subsection.12.2}% 174
\BOOKMARK [3][-]{subsubsection.12.2.4}{\376\377\000P\000r\000o\000g\000r\000a\000m\000m\000i\000n\000g\000\040\000D\000e\000r\000e\000f\000e\000r\000e\000n\000c\000e\000\040\000O\000p\000e\000r\000a\000t\000o\000r\000\040\000\050\000*\000\051\000\040\000a\000n\000d\000\040\000M\000e\000m\000b\000e\000r\000\040\000S\000e\000l\000e\000c\000t\000i\000o\000n\000\040\000O\000p\000e\000r\000a\000t\000o\000r\000\040\000\050\000-\000>\000\051}{subsection.12.2}% 175
\BOOKMARK [2][-]{subsection.12.3}{\376\377\000B\000i\000n\000a\000r\000y\000\040\000O\000p\000e\000r\000a\000t\000o\000r\000s}{section.12}% 176
\BOOKMARK [3][-]{subsubsection.12.3.1}{\376\377\000T\000y\000p\000e\000\040\000o\000f\000\040\000B\000i\000n\000a\000r\000y\000\040\000O\000p\000e\000r\000a\000t\000o\000r\000s}{subsection.12.3}% 177
\BOOKMARK [3][-]{subsubsection.12.3.2}{\376\377\000P\000r\000o\000g\000r\000a\000m\000m\000i\000n\000g\000\040\000B\000i\000n\000a\000r\000y\000\040\000A\000d\000d\000i\000t\000i\000o\000n\000\040\000\050\000a\000\040\000+\000\040\000b\000\051\000\040\000a\000n\000d\000\040\000S\000u\000b\000t\000r\000a\000c\000t\000i\000o\000n\000\040\000\050\000a\000\040\000-\000\040\000b\000\051\000\040\000O\000p\000e\000r\000a\000t\000o\000r\000s}{subsection.12.3}% 178
\BOOKMARK [3][-]{subsubsection.12.3.3}{\376\377\000I\000m\000p\000l\000e\000m\000e\000n\000t\000i\000n\000g\000\040\000A\000d\000d\000i\000t\000i\000o\000n\000\040\000A\000s\000s\000i\000g\000n\000m\000e\000n\000t\000\040\000\050\000+\000=\000\051\000\040\000a\000n\000d\000\040\000S\000u\000b\000t\000r\000a\000c\000t\000i\000o\000n\000\040\000A\000s\000s\000i\000g\000n\000m\000e\000n\000t\000\040\000\050\000-\000=\000\051\000\040\000O\000p\000e\000r\000a\000t\000o\000r\000s}{subsection.12.3}% 179
\BOOKMARK [3][-]{subsubsection.12.3.4}{\376\377\000O\000v\000e\000r\000l\000o\000a\000d\000i\000n\000g\000\040\000E\000q\000u\000a\000l\000i\000t\000y\000\040\000\050\000=\000=\000\051\000\040\000a\000n\000d\000\040\000I\000n\000e\000q\000u\000a\000l\000i\000t\000y\000\040\000\050\000!\000=\000\051\000\040\000O\000p\000e\000r\000a\000t\000o\000r\000s}{subsection.12.3}% 180
\BOOKMARK [3][-]{subsubsection.12.3.5}{\376\377\000O\000v\000e\000r\000l\000o\000a\000d\000i\000n\000g\000\040\000<\000,\000\040\000>\000,\000\040\000<\000=\000,\000\040\000a\000n\000d\000\040\000>\000=\000\040\000O\000p\000e\000r\000a\000t\000o\000r\000s}{subsection.12.3}% 181
\BOOKMARK [3][-]{subsubsection.12.3.6}{\376\377\000O\000v\000e\000r\000l\000o\000a\000d\000i\000n\000g\000\040\000C\000o\000p\000y\000\040\000A\000s\000s\000i\000g\000n\000m\000e\000n\000t\000\040\000O\000p\000e\000r\000a\000t\000o\000r\000\040\000\050\000=\000\051}{subsection.12.3}% 182
\BOOKMARK [3][-]{subsubsection.12.3.7}{\376\377\000S\000u\000b\000s\000c\000r\000i\000p\000t\000\040\000O\000p\000e\000r\000a\000t\000o\000r\000\040\000\050\000[\000]\000\051}{subsection.12.3}% 183
\BOOKMARK [2][-]{subsection.12.4}{\376\377\000F\000u\000n\000c\000t\000i\000o\000n\000\040\000O\000p\000e\000r\000a\000t\000o\000r\000\040\000\050\000\051}{section.12}% 184
\BOOKMARK [2][-]{subsection.12.5}{\376\377\000M\000o\000v\000e\000\040\000C\000o\000n\000s\000t\000r\000u\000c\000t\000o\000r\000\040\000a\000n\000d\000\040\000M\000o\000v\000e\000\040\000A\000s\000s\000i\000g\000n\000m\000e\000n\000t\000\040\000O\000p\000e\000r\000a\000t\000o\000r\000\040\000f\000o\000r\000\040\000H\000i\000g\000h\000\040\000P\000e\000r\000f\000o\000r\000m\000a\000n\000c\000e\000\040\000P\000r\000o\000g\000r\000a\000m\000m\000i\000n\000g}{section.12}% 185
\BOOKMARK [3][-]{subsubsection.12.5.1}{\376\377\000T\000h\000e\000\040\000P\000r\000o\000b\000l\000e\000m\000\040\000o\000f\000\040\000U\000n\000w\000a\000n\000t\000e\000d\000\040\000C\000o\000p\000y\000\040\000S\000t\000e\000p\000s}{subsection.12.5}% 186
\BOOKMARK [3][-]{subsubsection.12.5.2}{\376\377\000D\000e\000c\000l\000a\000r\000i\000n\000g\000\040\000a\000\040\000M\000o\000v\000e\000\040\000C\000o\000n\000s\000t\000r\000u\000c\000t\000o\000r\000\040\000a\000n\000d\000\040\000M\000o\000v\000e\000\040\000A\000s\000s\000i\000g\000n\000m\000e\000n\000t\000\040\000O\000p\000e\000r\000a\000t\000o\000r}{subsection.12.5}% 187
\BOOKMARK [2][-]{subsection.12.6}{\376\377\000U\000s\000e\000r\000\040\000D\000e\000f\000i\000n\000e\000d\000\040\000L\000i\000t\000e\000r\000a\000l\000s}{section.12}% 188
\BOOKMARK [2][-]{subsection.12.7}{\376\377\000O\000p\000e\000r\000a\000t\000o\000r\000s\000\040\000T\000h\000a\000t\000\040\000C\000a\000n\000n\000o\000t\000\040\000B\000e\000\040\000O\000v\000e\000r\000l\000o\000a\000d\000e\000d}{section.12}% 189
\BOOKMARK [1][-]{section.13}{\376\377\000C\000a\000s\000t\000i\000n\000g\000\040\000O\000p\000e\000r\000a\000t\000o\000r\000s}{}% 190
\BOOKMARK [2][-]{subsection.13.1}{\376\377\000T\000h\000e\000\040\000N\000e\000e\000d\000\040\000f\000o\000r\000\040\000C\000a\000s\000t\000i\000n\000g}{section.13}% 191
\BOOKMARK [2][-]{subsection.13.2}{\376\377\000E\000x\000a\000m\000p\000l\000e\000s\000\040\000o\000f\000\040\000C\000+\000+\000\040\000C\000a\000s\000t\000s}{section.13}% 192
\BOOKMARK [2][-]{subsection.13.3}{\376\377\000T\000h\000e\000\040\000C\000+\000+\000\040\000C\000a\000s\000t\000i\000n\000g\000\040\000O\000p\000e\000r\000a\000t\000o\000r\000s}{section.13}% 193
\BOOKMARK [3][-]{subsubsection.13.3.1}{\376\377\000U\000s\000i\000n\000g\000\040\000s\000t\000a\000t\000i\000c\000\137\000c\000a\000s\000t}{subsection.13.3}% 194
\BOOKMARK [3][-]{subsubsection.13.3.2}{\376\377\000U\000s\000i\000n\000g\000\040\000d\000y\000n\000a\000m\000i\000c\000\137\000c\000a\000s\000t\000\040\000a\000n\000d\000\040\000R\000u\000n\000t\000i\000m\000e\000\040\000T\000y\000p\000e\000\040\000I\000d\000e\000n\000t\000i\000f\000i\000c\000a\000t\000i\000o\000n}{subsection.13.3}% 195
\BOOKMARK [3][-]{subsubsection.13.3.3}{\376\377\000U\000s\000i\000n\000g\000\040\000r\000e\000i\000n\000t\000e\000r\000p\000r\000e\000t\000\137\000c\000a\000s\000t}{subsection.13.3}% 196
\BOOKMARK [3][-]{subsubsection.13.3.4}{\376\377\000U\000s\000i\000n\000g\000\040\000c\000o\000n\000s\000t\000\137\000c\000a\000s\000t}{subsection.13.3}% 197
\BOOKMARK [2][-]{subsection.13.4}{\376\377\000P\000r\000o\000b\000l\000e\000m\000s\000\040\000w\000i\000t\000h\000\040\000t\000h\000e\000\040\000C\000+\000+\000\040\000C\000a\000s\000t\000i\000n\000g\000\040\000O\000p\000e\000r\000a\000t\000o\000r\000s}{section.13}% 198
\BOOKMARK [1][-]{section.14}{\376\377\000A\000n\000\040\000I\000n\000t\000r\000o\000d\000u\000c\000t\000i\000o\000n\000\040\000t\000o\000\040\000M\000a\000c\000r\000o\000s\000\040\000a\000n\000d\000\040\000T\000e\000m\000p\000l\000a\000t\000e\000s}{}% 199
\BOOKMARK [2][-]{subsection.14.1}{\376\377\000T\000h\000e\000\040\000P\000r\000e\000p\000r\000o\000c\000e\000s\000s\000o\000r\000\040\000a\000n\000d\000\040\000t\000h\000e\000\040\000C\000o\000m\000p\000i\000l\000e\000r}{section.14}% 200
\BOOKMARK [2][-]{subsection.14.2}{\376\377\000U\000s\000i\000n\000g\000\040\000M\000a\000c\000r\000o\000\040\000\043\000d\000e\000f\000i\000n\000e\000\040\000t\000o\000\040\000D\000e\000f\000i\000n\000e\000\040\000C\000o\000n\000s\000t\000a\000n\000t\000s}{section.14}% 201
\BOOKMARK [3][-]{subsubsection.14.2.1}{\376\377\000U\000s\000i\000n\000g\000\040\000M\000a\000c\000r\000o\000s\000\040\000t\000o\000\040\000P\000r\000o\000t\000e\000c\000t\000i\000o\000n\000\040\000a\000g\000a\000i\000n\000s\000t\000\040\000M\000u\000l\000t\000i\000p\000l\000e\000\040\000I\000n\000c\000l\000u\000s\000i\000o\000n}{subsection.14.2}% 202
\BOOKMARK [2][-]{subsection.14.3}{\376\377\000U\000s\000i\000n\000g\000\040\000\043\000d\000e\000f\000i\000n\000e\000\040\000t\000o\000\040\000W\000r\000i\000t\000e\000\040\000M\000a\000c\000r\000o\000\040\000F\000u\000n\000c\000t\000i\000o\000n\000s}{section.14}% 203
\BOOKMARK [3][-]{subsubsection.14.3.1}{\376\377\000W\000h\000y\000\040\000A\000l\000l\000\040\000t\000h\000e\000\040\000P\000a\000r\000e\000n\000t\000h\000e\000s\000e\000s\000?}{subsection.14.3}% 204
\BOOKMARK [3][-]{subsubsection.14.3.2}{\376\377\000U\000s\000i\000n\000g\000\040\000M\000a\000c\000r\000o\000\040\000'\000a\000s\000s\000e\000r\000t\000'\000\040\000t\000o\000\040\000V\000a\000l\000i\000d\000a\000t\000e\000\040\000E\000x\000p\000r\000e\000s\000s\000i\000o\000n\000s}{subsection.14.3}% 205
\BOOKMARK [3][-]{subsubsection.14.3.3}{\376\377\000A\000d\000v\000\040\000a\000n\000d\000\040\000D\000i\000s\000a\000d\000v\000\040\000o\000f\000\040\000U\000s\000i\000n\000g\000\040\000M\000a\000c\000r\000o\000\040\000F\000u\000n\000c\000t\000i\000o\000n\000s}{subsection.14.3}% 206
\BOOKMARK [2][-]{subsection.14.4}{\376\377\000A\000n\000\040\000I\000n\000t\000r\000o\000d\000u\000c\000t\000i\000o\000n\000\040\000t\000o\000\040\000T\000e\000m\000p\000l\000a\000t\000e\000s}{section.14}% 207
\BOOKMARK [3][-]{subsubsection.14.4.1}{\376\377\000T\000h\000e\000\040\000D\000i\000f\000f\000e\000r\000e\000n\000t\000\040\000T\000y\000p\000e\000s\000\040\000o\000f\000\040\000T\000e\000m\000p\000l\000a\000t\000e\000\040\000D\000e\000c\000l\000a\000r\000a\000t\000i\000o\000n\000s}{subsection.14.4}% 208
\BOOKMARK [3][-]{subsubsection.14.4.2}{\376\377\000T\000e\000m\000p\000l\000a\000t\000e\000\040\000F\000u\000n\000c\000t\000i\000o\000n\000s}{subsection.14.4}% 209
\BOOKMARK [2][-]{subsection.14.5}{\376\377\000T\000e\000m\000p\000l\000a\000t\000e\000s\000\040\000a\000n\000d\000\040\000T\000y\000p\000e\000\040\000S\000a\000f\000e\000t\000y}{section.14}% 210
\BOOKMARK [3][-]{subsubsection.14.5.1}{\376\377\000T\000e\000m\000p\000l\000a\000t\000e\000\040\000C\000l\000a\000s\000s\000e\000s}{subsection.14.5}% 211
\BOOKMARK [3][-]{subsubsection.14.5.2}{\376\377\000D\000e\000c\000l\000a\000r\000i\000n\000g\000\040\000T\000e\000m\000p\000l\000a\000t\000e\000s\000\040\000w\000i\000t\000h\000\040\000M\000u\000t\000l\000i\000p\000l\000e\000\040\000P\000a\000r\000a\000m\000e\000t\000e\000r\000s}{subsection.14.5}% 212
\BOOKMARK [3][-]{subsubsection.14.5.3}{\376\377\000D\000e\000c\000l\000a\000r\000i\000n\000g\000\040\000T\000e\000m\000p\000l\000a\000t\000e\000s\000\040\000w\000i\000t\000h\000\040\000D\000e\000f\000a\000u\000l\000t\000\040\000P\000a\000r\000a\000m\000e\000t\000e\000r\000s}{subsection.14.5}% 213
\BOOKMARK [3][-]{subsubsection.14.5.4}{\376\377\000S\000a\000m\000p\000l\000e\000\040\000T\000e\000m\000p\000l\000a\000t\000e\000\040\000'\000c\000l\000a\000s\000s\000<\000>\000'\000\040\000H\000o\000l\000d\000s\000P\000a\000i\000r}{subsection.14.5}% 214
\BOOKMARK [3][-]{subsubsection.14.5.5}{\376\377\000T\000e\000m\000p\000l\000a\000t\000e\000\040\000I\000n\000s\000t\000a\000n\000t\000i\000a\000t\000i\000o\000n\000\040\000a\000n\000d\000\040\000S\000p\000e\000c\000i\000l\000i\000z\000a\000t\000i\000o\000n}{subsection.14.5}% 215
\BOOKMARK [3][-]{subsubsection.14.5.6}{\376\377\000T\000e\000m\000p\000l\000a\000t\000e\000\040\000C\000l\000a\000s\000s\000e\000s\000\040\000a\000n\000d\000\040\000'\000s\000t\000a\000t\000i\000c\000'\000\040\000M\000e\000m\000b\000e\000r\000s}{subsection.14.5}% 216
\BOOKMARK [3][-]{subsubsection.14.5.7}{\376\377\000V\000a\000r\000i\000a\000b\000l\000e\000\040\000T\000e\000m\000p\000l\000a\000t\000e\000s\000,\000\040\000A\000l\000s\000o\000\040\000C\000a\000l\000l\000e\000d\000\040\000V\000a\000r\000i\000a\000d\000i\000c\000\040\000T\000e\000m\000p\000l\000a\000t\000e\000s}{subsection.14.5}% 217
\BOOKMARK [3][-]{subsubsection.14.5.8}{\376\377\000U\000s\000i\000n\000g\000\040\000'\000s\000t\000a\000t\000i\000c\000\137\000a\000s\000s\000e\000r\000t\000'\000\040\000t\000o\000\040\000P\000e\000r\000f\000o\000r\000m\000\040\000C\000o\000m\000p\000i\000l\000e\000-\000T\000i\000m\000e\000\040\000C\000h\000e\000c\000k\000s}{subsection.14.5}% 218
\BOOKMARK [1][-]{section.15}{\376\377\000L\000a\000m\000b\000d\000a\000\040\000E\000x\000p\000r\000e\000s\000s\000i\000o\000n\000s}{}% 219
\BOOKMARK [2][-]{subsection.15.1}{\376\377\000W\000h\000a\000t\000\040\000i\000s\000\040\000a\000\040\000L\000a\000m\000b\000d\000a\000\040\000E\000x\000p\000r\000e\000s\000s\000i\000o\000n\000?}{section.15}% 220
\BOOKMARK [2][-]{subsection.15.2}{\376\377\000H\000o\000w\000\040\000t\000o\000\040\000D\000e\000f\000i\000n\000e\000\040\000a\000\040\000L\000a\000m\000b\000d\000a\000\040\000E\000x\000p\000r\000e\000s\000s\000i\000o\000n}{section.15}% 221
\BOOKMARK [2][-]{subsection.15.3}{\376\377\000L\000a\000m\000b\000d\000a\000\040\000E\000x\000p\000r\000e\000s\000s\000i\000o\000n\000s\000\040\000f\000o\000r\000\040\000a\000\040\000U\000n\000a\000r\000y\000\040\000F\000u\000n\000c\000t\000i\000o\000n}{section.15}% 222
\BOOKMARK [2][-]{subsection.15.4}{\376\377\000L\000a\000m\000b\000d\000a\000\040\000E\000x\000p\000r\000e\000s\000s\000i\000o\000n\000\040\000f\000o\000r\000\040\000a\000\040\000U\000n\000a\000r\000y\000\040\000P\000r\000e\000d\000i\000c\000a\000t\000e}{section.15}% 223
\BOOKMARK [2][-]{subsection.15.5}{\376\377\000L\000a\000m\000b\000d\000a\000\040\000E\000x\000p\000r\000e\000s\000s\000i\000o\000n\000\040\000w\000i\000t\000h\000\040\000S\000t\000a\000t\000e\000\040\000v\000i\000a\000\040\000C\000a\000p\000t\000u\000r\000e\000\040\000L\000i\000s\000t\000s\000\040\000[\000.\000.\000.\000]}{section.15}% 224
\BOOKMARK [2][-]{subsection.15.6}{\376\377\000T\000h\000e\000\040\000G\000e\000n\000e\000r\000i\000c\000\040\000S\000y\000n\000t\000a\000x\000\040\000o\000f\000\040\000L\000a\000m\000b\000d\000a\000\040\000E\000x\000p\000r\000e\000s\000s\000i\000o\000n\000s}{section.15}% 225
\BOOKMARK [2][-]{subsection.15.7}{\376\377\000L\000a\000m\000b\000d\000a\000\040\000E\000x\000p\000r\000e\000s\000s\000i\000o\000n\000\040\000f\000o\000r\000\040\000a\000\040\000B\000i\000n\000a\000r\000y\000\040\000F\000u\000n\000c\000t\000i\000o\000n}{section.15}% 226
\BOOKMARK [2][-]{subsection.15.8}{\376\377\000L\000a\000m\000b\000d\000a\000\040\000E\000x\000p\000r\000e\000s\000s\000i\000o\000n\000\040\000f\000o\000r\000\040\000a\000\040\000B\000i\000n\000a\000r\000y\000\040\000P\000r\000e\000d\000i\000c\000a\000t\000e}{section.15}% 227
\BOOKMARK [1][-]{section.16}{\376\377\000U\000n\000d\000e\000r\000s\000t\000a\000n\000d\000i\000n\000g\000\040\000S\000m\000a\000r\000t\000\040\000P\000o\000i\000n\000t\000e\000r\000s}{}% 228
\BOOKMARK [2][-]{subsection.16.1}{\376\377\000W\000h\000a\000t\000\040\000a\000r\000e\000\040\000S\000m\000a\000r\000t\000\040\000P\000o\000i\000n\000t\000e\000r\000s\000?}{section.16}% 229
\BOOKMARK [3][-]{subsubsection.16.1.1}{\376\377\000T\000h\000e\000\040\000P\000r\000o\000b\000l\000e\000m\000\040\000w\000i\000t\000h\000\040\000U\000s\000i\000n\000g\000\040\000C\000o\000n\000v\000e\000n\000t\000i\000o\000n\000a\000l\000\040\000\050\000R\000a\000w\000\051\000\040\000P\000o\000i\000n\000t\000e\000r\000s}{subsection.16.1}% 230
\BOOKMARK [3][-]{subsubsection.16.1.2}{\376\377\000H\000o\000w\000\040\000D\000o\000\040\000S\000m\000a\000r\000t\000\040\000P\000o\000i\000n\000t\000e\000r\000s\000\040\000H\000e\000l\000p\000?}{subsection.16.1}% 231
\BOOKMARK [2][-]{subsection.16.2}{\376\377\000H\000o\000w\000\040\000A\000r\000e\000\040\000S\000m\000a\000r\000t\000\040\000P\000o\000i\000n\000t\000e\000r\000s\000\040\000I\000m\000p\000l\000e\000m\000e\000n\000t\000e\000d\000?}{section.16}% 232
\BOOKMARK [2][-]{subsection.16.3}{\376\377\000T\000y\000p\000e\000s\000\040\000o\000f\000\040\000S\000m\000a\000r\000t\000\040\000P\000o\000i\000n\000t\000e\000r\000s}{section.16}% 233
\BOOKMARK [3][-]{subsubsection.16.3.1}{\376\377\000D\000e\000e\000p\000\040\000C\000o\000p\000y}{subsection.16.3}% 234
\BOOKMARK [3][-]{subsubsection.16.3.2}{\376\377\000C\000o\000p\000y\000\040\000o\000n\000\040\000W\000r\000i\000t\000e\000\040\000M\000e\000c\000h\000a\000n\000i\000s\000m}{subsection.16.3}% 235
\BOOKMARK [3][-]{subsubsection.16.3.3}{\376\377\000R\000e\000f\000e\000r\000e\000n\000c\000e\000-\000C\000o\000u\000n\000t\000e\000d\000\040\000S\000m\000a\000r\000t\000\040\000P\000o\000i\000n\000t\000e\000r\000s}{subsection.16.3}% 236
\BOOKMARK [3][-]{subsubsection.16.3.4}{\376\377\000R\000e\000f\000e\000r\000e\000n\000c\000e\000-\000L\000i\000n\000k\000e\000d\000\040\000S\000m\000a\000r\000t\000\040\000P\000o\000i\000n\000t\000e\000r\000s}{subsection.16.3}% 237
\BOOKMARK [3][-]{subsubsection.16.3.5}{\376\377\000D\000e\000s\000t\000r\000u\000c\000t\000i\000v\000e\000\040\000C\000o\000p\000y}{subsection.16.3}% 238
\BOOKMARK [3][-]{subsubsection.16.3.6}{\376\377\000U\000s\000i\000n\000g\000\040\000s\000t\000d\000:\000:\000u\000n\000i\000q\000u\000e\000\137\000p\000t\000r}{subsection.16.3}% 239
\BOOKMARK [2][-]{subsection.16.4}{\376\377\000S\000m\000a\000r\000t\000\040\000p\000o\000i\000n\000t\000e\000r\000s\000\040\000s\000t\000d\000:\000:}{section.16}% 240
\BOOKMARK [3][-]{subsubsection.16.4.1}{\376\377\000s\000t\000d\000:\000:\000u\000n\000i\000q\000u\000e\000\137\000p\000t\000r}{subsection.16.4}% 241
\BOOKMARK [3][-]{subsubsection.16.4.2}{\376\377\000s\000t\000d\000:\000:\000s\000h\000a\000r\000e\000d\000\137\000p\000t\000r}{subsection.16.4}% 242
\BOOKMARK [3][-]{subsubsection.16.4.3}{\376\377\000s\000t\000d\000:\000:\000w\000e\000a\000k\000\137\000p\000t\000r}{subsection.16.4}% 243
